{"/home/inteli/Área de trabalho/projects/panorama/panorama-block-backend/bridge-service/src/application/services/PanoramaV1Service.ts": {"path":"/home/inteli/Área de trabalho/projects/panorama/panorama-block-backend/bridge-service/src/application/services/PanoramaV1Service.ts","statementMap":{"0":{"start":{"line":1,"column":0},"end":{"line":1,"column":26}},"1":{"start":{"line":2,"column":0},"end":{"line":2,"column":130}},"2":{"start":{"line":3,"column":0},"end":{"line":3,"column":53}},"3":{"start":{"line":165,"column":21},"end":{"line":165,"column":53}},"4":{"start":{"line":166,"column":21},"end":{"line":166,"column":49}},"5":{"start":{"line":167,"column":21},"end":{"line":167,"column":43}},"6":{"start":{"line":168,"column":21},"end":{"line":168,"column":49}},"7":{"start":{"line":169,"column":21},"end":{"line":169,"column":80}},"8":{"start":{"line":170,"column":21},"end":{"line":170,"column":61}},"9":{"start":{"line":174,"column":20},"end":{"line":174,"column":43}},"10":{"start":{"line":175,"column":4},"end":{"line":180,"column":5}},"11":{"start":{"line":176,"column":20},"end":{"line":176,"column":119}},"12":{"start":{"line":177,"column":6},"end":{"line":177,"column":25}},"13":{"start":{"line":178,"column":6},"end":{"line":178,"column":42}},"14":{"start":{"line":179,"column":6},"end":{"line":179,"column":18}},"15":{"start":{"line":181,"column":4},"end":{"line":181,"column":19}},"16":{"start":{"line":185,"column":20},"end":{"line":185,"column":32}},"17":{"start":{"line":186,"column":4},"end":{"line":192,"column":7}},"18":{"start":{"line":194,"column":26},"end":{"line":194,"column":79}},"19":{"start":{"line":195,"column":4},"end":{"line":224,"column":6}},"20":{"start":{"line":197,"column":25},"end":{"line":197,"column":51}},"21":{"start":{"line":198,"column":30},"end":{"line":198,"column":93}},"22":{"start":{"line":199,"column":23},"end":{"line":199,"column":47}},"23":{"start":{"line":201,"column":8},"end":{"line":203,"column":9}},"24":{"start":{"line":202,"column":10},"end":{"line":202,"column":17}},"25":{"start":{"line":205,"column":20},"end":{"line":205,"column":45}},"26":{"start":{"line":206,"column":8},"end":{"line":206,"column":25}},"27":{"start":{"line":206,"column":18},"end":{"line":206,"column":25}},"28":{"start":{"line":208,"column":21},"end":{"line":214,"column":10}},"29":{"start":{"line":215,"column":25},"end":{"line":215,"column":45}},"30":{"start":{"line":216,"column":26},"end":{"line":216,"column":47}},"31":{"start":{"line":217,"column":23},"end":{"line":217,"column":79}},"32":{"start":{"line":218,"column":26},"end":{"line":220,"column":21}},"33":{"start":{"line":222,"column":8},"end":{"line":222,"column":67}},"34":{"start":{"line":228,"column":20},"end":{"line":228,"column":60}},"35":{"start":{"line":229,"column":4},"end":{"line":234,"column":5}},"36":{"start":{"line":230,"column":20},"end":{"line":230,"column":95}},"37":{"start":{"line":231,"column":6},"end":{"line":231,"column":25}},"38":{"start":{"line":232,"column":6},"end":{"line":232,"column":38}},"39":{"start":{"line":233,"column":6},"end":{"line":233,"column":18}},"40":{"start":{"line":236,"column":4},"end":{"line":241,"column":5}},"41":{"start":{"line":237,"column":20},"end":{"line":237,"column":104}},"42":{"start":{"line":238,"column":6},"end":{"line":238,"column":25}},"43":{"start":{"line":239,"column":6},"end":{"line":239,"column":38}},"44":{"start":{"line":240,"column":6},"end":{"line":240,"column":18}},"45":{"start":{"line":243,"column":4},"end":{"line":243,"column":49}},"46":{"start":{"line":244,"column":4},"end":{"line":244,"column":18}},"47":{"start":{"line":248,"column":4},"end":{"line":248,"column":85}},"48":{"start":{"line":252,"column":37},"end":{"line":252,"column":81}},"49":{"start":{"line":253,"column":4},"end":{"line":261,"column":5}},"50":{"start":{"line":254,"column":20},"end":{"line":254,"column":null}},"51":{"start":{"line":258,"column":6},"end":{"line":258,"column":25}},"52":{"start":{"line":259,"column":6},"end":{"line":259,"column":39}},"53":{"start":{"line":260,"column":6},"end":{"line":260,"column":18}},"54":{"start":{"line":262,"column":21},"end":{"line":262,"column":33}},"55":{"start":{"line":263,"column":20},"end":{"line":263,"column":49}},"56":{"start":{"line":266,"column":4},"end":{"line":279,"column":5}},"57":{"start":{"line":267,"column":6},"end":{"line":273,"column":9}},"58":{"start":{"line":275,"column":22},"end":{"line":275,"column":121}},"59":{"start":{"line":276,"column":6},"end":{"line":276,"column":27}},"60":{"start":{"line":277,"column":6},"end":{"line":277,"column":44}},"61":{"start":{"line":278,"column":6},"end":{"line":278,"column":20}},"62":{"start":{"line":281,"column":26},"end":{"line":281,"column":65}},"63":{"start":{"line":282,"column":4},"end":{"line":287,"column":5}},"64":{"start":{"line":283,"column":20},"end":{"line":283,"column":119}},"65":{"start":{"line":284,"column":6},"end":{"line":284,"column":25}},"66":{"start":{"line":285,"column":6},"end":{"line":285,"column":42}},"67":{"start":{"line":286,"column":6},"end":{"line":286,"column":18}},"68":{"start":{"line":289,"column":19},"end":{"line":303,"column":6}},"69":{"start":{"line":305,"column":4},"end":{"line":311,"column":7}},"70":{"start":{"line":313,"column":4},"end":{"line":313,"column":18}},"71":{"start":{"line":317,"column":28},"end":{"line":317,"column":44}},"72":{"start":{"line":318,"column":4},"end":{"line":326,"column":5}},"73":{"start":{"line":319,"column":20},"end":{"line":319,"column":null}},"74":{"start":{"line":323,"column":6},"end":{"line":323,"column":25}},"75":{"start":{"line":324,"column":6},"end":{"line":324,"column":53}},"76":{"start":{"line":325,"column":6},"end":{"line":325,"column":18}},"77":{"start":{"line":328,"column":21},"end":{"line":328,"column":55}},"78":{"start":{"line":329,"column":4},"end":{"line":334,"column":5}},"79":{"start":{"line":330,"column":20},"end":{"line":330,"column":128}},"80":{"start":{"line":331,"column":6},"end":{"line":331,"column":25}},"81":{"start":{"line":332,"column":6},"end":{"line":332,"column":52}},"82":{"start":{"line":333,"column":6},"end":{"line":333,"column":18}},"83":{"start":{"line":336,"column":28},"end":{"line":336,"column":55}},"84":{"start":{"line":337,"column":21},"end":{"line":337,"column":53}},"85":{"start":{"line":338,"column":4},"end":{"line":343,"column":5}},"86":{"start":{"line":339,"column":20},"end":{"line":339,"column":120}},"87":{"start":{"line":340,"column":6},"end":{"line":340,"column":25}},"88":{"start":{"line":341,"column":6},"end":{"line":341,"column":53}},"89":{"start":{"line":342,"column":6},"end":{"line":342,"column":18}},"90":{"start":{"line":345,"column":25},"end":{"line":345,"column":113}},"91":{"start":{"line":346,"column":21},"end":{"line":346,"column":33}},"92":{"start":{"line":348,"column":19},"end":{"line":364,"column":6}},"93":{"start":{"line":366,"column":4},"end":{"line":372,"column":7}},"94":{"start":{"line":374,"column":4},"end":{"line":383,"column":6}},"95":{"start":{"line":387,"column":37},"end":{"line":387,"column":81}},"96":{"start":{"line":388,"column":20},"end":{"line":388,"column":49}},"97":{"start":{"line":389,"column":21},"end":{"line":389,"column":110}},"98":{"start":{"line":392,"column":4},"end":{"line":407,"column":5}},"99":{"start":{"line":393,"column":6},"end":{"line":401,"column":9}},"100":{"start":{"line":403,"column":22},"end":{"line":403,"column":117}},"101":{"start":{"line":404,"column":6},"end":{"line":404,"column":52}},"102":{"start":{"line":405,"column":6},"end":{"line":405,"column":65}},"103":{"start":{"line":406,"column":6},"end":{"line":406,"column":20}},"104":{"start":{"line":409,"column":29},"end":{"line":409,"column":89}},"105":{"start":{"line":410,"column":21},"end":{"line":418,"column":6}},"106":{"start":{"line":420,"column":4},"end":{"line":430,"column":5}},"107":{"start":{"line":421,"column":22},"end":{"line":421,"column":90}},"108":{"start":{"line":422,"column":6},"end":{"line":428,"column":9}},"109":{"start":{"line":429,"column":6},"end":{"line":429,"column":21}},"110":{"start":{"line":432,"column":21},"end":{"line":432,"column":33}},"111":{"start":{"line":433,"column":19},"end":{"line":440,"column":6}},"112":{"start":{"line":442,"column":4},"end":{"line":448,"column":7}},"113":{"start":{"line":450,"column":4},"end":{"line":450,"column":18}},"114":{"start":{"line":454,"column":19},"end":{"line":454,"column":74}},"115":{"start":{"line":455,"column":22},"end":{"line":455,"column":43}},"116":{"start":{"line":456,"column":21},"end":{"line":456,"column":112}},"117":{"start":{"line":457,"column":4},"end":{"line":457,"column":70}},"118":{"start":{"line":458,"column":20},"end":{"line":458,"column":49}},"119":{"start":{"line":461,"column":4},"end":{"line":483,"column":5}},"120":{"start":{"line":462,"column":6},"end":{"line":474,"column":8}},"121":{"start":{"line":476,"column":22},"end":{"line":476,"column":null}},"122":{"start":{"line":480,"column":6},"end":{"line":480,"column":52}},"123":{"start":{"line":481,"column":6},"end":{"line":481,"column":68}},"124":{"start":{"line":482,"column":6},"end":{"line":482,"column":20}},"125":{"start":{"line":485,"column":4},"end":{"line":491,"column":7}},"126":{"start":{"line":493,"column":4},"end":{"line":499,"column":7}},"127":{"start":{"line":501,"column":4},"end":{"line":501,"column":69}},"128":{"start":{"line":505,"column":19},"end":{"line":505,"column":62}},"129":{"start":{"line":506,"column":22},"end":{"line":506,"column":43}},"130":{"start":{"line":507,"column":21},"end":{"line":507,"column":94}},"131":{"start":{"line":508,"column":20},"end":{"line":508,"column":49}},"132":{"start":{"line":509,"column":20},"end":{"line":509,"column":114}},"133":{"start":{"line":511,"column":4},"end":{"line":523,"column":6}},"134":{"start":{"line":527,"column":19},"end":{"line":527,"column":62}},"135":{"start":{"line":528,"column":18},"end":{"line":528,"column":49}},"136":{"start":{"line":529,"column":24},"end":{"line":529,"column":36}},"137":{"start":{"line":530,"column":22},"end":{"line":530,"column":72}},"138":{"start":{"line":532,"column":20},"end":{"line":539,"column":16}},"139":{"start":{"line":541,"column":47},"end":{"line":552,"column":6}},"140":{"start":{"line":554,"column":4},"end":{"line":559,"column":7}},"141":{"start":{"line":561,"column":4},"end":{"line":565,"column":7}},"142":{"start":{"line":567,"column":4},"end":{"line":567,"column":45}},"143":{"start":{"line":575,"column":19},"end":{"line":575,"column":62}},"144":{"start":{"line":576,"column":28},"end":{"line":576,"column":89}},"145":{"start":{"line":577,"column":23},"end":{"line":577,"column":66}},"146":{"start":{"line":579,"column":4},"end":{"line":584,"column":5}},"147":{"start":{"line":580,"column":20},"end":{"line":580,"column":108}},"148":{"start":{"line":581,"column":6},"end":{"line":581,"column":25}},"149":{"start":{"line":582,"column":6},"end":{"line":582,"column":51}},"150":{"start":{"line":583,"column":6},"end":{"line":583,"column":18}},"151":{"start":{"line":586,"column":4},"end":{"line":591,"column":5}},"152":{"start":{"line":587,"column":20},"end":{"line":587,"column":111}},"153":{"start":{"line":588,"column":6},"end":{"line":588,"column":25}},"154":{"start":{"line":589,"column":6},"end":{"line":589,"column":46}},"155":{"start":{"line":590,"column":6},"end":{"line":590,"column":18}},"156":{"start":{"line":593,"column":4},"end":{"line":600,"column":5}},"157":{"start":{"line":594,"column":6},"end":{"line":594,"column":35}},"158":{"start":{"line":595,"column":6},"end":{"line":595,"column":112}},"159":{"start":{"line":596,"column":20},"end":{"line":596,"column":106}},"160":{"start":{"line":597,"column":6},"end":{"line":597,"column":25}},"161":{"start":{"line":598,"column":6},"end":{"line":598,"column":49}},"162":{"start":{"line":599,"column":6},"end":{"line":599,"column":18}},"163":{"start":{"line":602,"column":22},"end":{"line":602,"column":58}},"164":{"start":{"line":603,"column":4},"end":{"line":608,"column":5}},"165":{"start":{"line":604,"column":20},"end":{"line":604,"column":100}},"166":{"start":{"line":605,"column":6},"end":{"line":605,"column":25}},"167":{"start":{"line":606,"column":6},"end":{"line":606,"column":39}},"168":{"start":{"line":607,"column":6},"end":{"line":607,"column":18}},"169":{"start":{"line":610,"column":31},"end":{"line":610,"column":71}},"170":{"start":{"line":611,"column":4},"end":{"line":615,"column":5}},"171":{"start":{"line":612,"column":6},"end":{"line":612,"column":99}},"172":{"start":{"line":614,"column":6},"end":{"line":614,"column":116}},"173":{"start":{"line":617,"column":28},"end":{"line":617,"column":49}},"174":{"start":{"line":618,"column":27},"end":{"line":623,"column":6}},"175":{"start":{"line":625,"column":4},"end":{"line":631,"column":7}},"176":{"start":{"line":633,"column":4},"end":{"line":633,"column":34}},"177":{"start":{"line":634,"column":4},"end":{"line":634,"column":48}},"178":{"start":{"line":635,"column":4},"end":{"line":635,"column":54}},"179":{"start":{"line":636,"column":4},"end":{"line":636,"column":110}},"180":{"start":{"line":638,"column":4},"end":{"line":642,"column":7}},"181":{"start":{"line":644,"column":4},"end":{"line":649,"column":6}},"182":{"start":{"line":653,"column":19},"end":{"line":653,"column":62}},"183":{"start":{"line":654,"column":22},"end":{"line":654,"column":43}},"184":{"start":{"line":656,"column":4},"end":{"line":660,"column":6}},"185":{"start":{"line":664,"column":21},"end":{"line":664,"column":33}},"186":{"start":{"line":665,"column":16},"end":{"line":665,"column":40}},"187":{"start":{"line":667,"column":35},"end":{"line":680,"column":6}},"188":{"start":{"line":673,"column":56},"end":{"line":673,"column":75}},"189":{"start":{"line":682,"column":4},"end":{"line":687,"column":7}},"190":{"start":{"line":689,"column":4},"end":{"line":693,"column":7}},"191":{"start":{"line":695,"column":4},"end":{"line":695,"column":18}},"192":{"start":{"line":699,"column":19},"end":{"line":699,"column":59}},"193":{"start":{"line":700,"column":4},"end":{"line":705,"column":5}},"194":{"start":{"line":701,"column":20},"end":{"line":701,"column":95}},"195":{"start":{"line":702,"column":6},"end":{"line":702,"column":25}},"196":{"start":{"line":703,"column":6},"end":{"line":703,"column":38}},"197":{"start":{"line":704,"column":6},"end":{"line":704,"column":18}},"198":{"start":{"line":707,"column":19},"end":{"line":707,"column":51}},"199":{"start":{"line":708,"column":4},"end":{"line":713,"column":5}},"200":{"start":{"line":709,"column":20},"end":{"line":709,"column":104}},"201":{"start":{"line":710,"column":6},"end":{"line":710,"column":25}},"202":{"start":{"line":711,"column":6},"end":{"line":711,"column":38}},"203":{"start":{"line":712,"column":6},"end":{"line":712,"column":18}},"204":{"start":{"line":715,"column":4},"end":{"line":715,"column":31}},"205":{"start":{"line":716,"column":4},"end":{"line":716,"column":48}},"206":{"start":{"line":718,"column":4},"end":{"line":718,"column":82}},"207":{"start":{"line":719,"column":4},"end":{"line":719,"column":116}},"208":{"start":{"line":721,"column":4},"end":{"line":721,"column":18}},"209":{"start":{"line":725,"column":19},"end":{"line":725,"column":59}},"210":{"start":{"line":726,"column":4},"end":{"line":731,"column":5}},"211":{"start":{"line":727,"column":20},"end":{"line":727,"column":95}},"212":{"start":{"line":728,"column":6},"end":{"line":728,"column":25}},"213":{"start":{"line":729,"column":6},"end":{"line":729,"column":38}},"214":{"start":{"line":730,"column":6},"end":{"line":730,"column":18}},"215":{"start":{"line":733,"column":19},"end":{"line":733,"column":51}},"216":{"start":{"line":734,"column":4},"end":{"line":739,"column":5}},"217":{"start":{"line":735,"column":20},"end":{"line":735,"column":104}},"218":{"start":{"line":736,"column":6},"end":{"line":736,"column":25}},"219":{"start":{"line":737,"column":6},"end":{"line":737,"column":38}},"220":{"start":{"line":738,"column":6},"end":{"line":738,"column":18}},"221":{"start":{"line":741,"column":4},"end":{"line":741,"column":30}},"222":{"start":{"line":742,"column":4},"end":{"line":742,"column":48}},"223":{"start":{"line":744,"column":4},"end":{"line":744,"column":82}},"224":{"start":{"line":745,"column":4},"end":{"line":745,"column":115}},"225":{"start":{"line":747,"column":4},"end":{"line":747,"column":18}},"226":{"start":{"line":751,"column":22},"end":{"line":751,"column":34}},"227":{"start":{"line":752,"column":4},"end":{"line":758,"column":7}},"228":{"start":{"line":762,"column":4},"end":{"line":767,"column":5}},"229":{"start":{"line":763,"column":23},"end":{"line":763,"column":105}},"230":{"start":{"line":764,"column":6},"end":{"line":766,"column":7}},"231":{"start":{"line":765,"column":8},"end":{"line":765,"column":69}},"232":{"start":{"line":769,"column":19},"end":{"line":769,"column":74}},"233":{"start":{"line":770,"column":4},"end":{"line":770,"column":41}},"234":{"start":{"line":772,"column":22},"end":{"line":772,"column":43}},"235":{"start":{"line":773,"column":27},"end":{"line":773,"column":58}},"236":{"start":{"line":774,"column":4},"end":{"line":779,"column":5}},"237":{"start":{"line":775,"column":20},"end":{"line":775,"column":123}},"238":{"start":{"line":776,"column":6},"end":{"line":776,"column":25}},"239":{"start":{"line":777,"column":6},"end":{"line":777,"column":46}},"240":{"start":{"line":778,"column":6},"end":{"line":778,"column":18}},"241":{"start":{"line":781,"column":19},"end":{"line":781,"column":78}},"242":{"start":{"line":782,"column":4},"end":{"line":788,"column":7}},"243":{"start":{"line":790,"column":19},"end":{"line":790,"column":31}},"244":{"start":{"line":791,"column":24},"end":{"line":815,"column":6}},"245":{"start":{"line":817,"column":4},"end":{"line":817,"column":62}},"246":{"start":{"line":818,"column":4},"end":{"line":818,"column":102}},"247":{"start":{"line":820,"column":4},"end":{"line":893,"column":5}},"248":{"start":{"line":821,"column":27},"end":{"line":821,"column":86}},"249":{"start":{"line":822,"column":6},"end":{"line":828,"column":9}},"250":{"start":{"line":830,"column":23},"end":{"line":830,"column":88}},"251":{"start":{"line":831,"column":22},"end":{"line":831,"column":57}},"252":{"start":{"line":832,"column":6},"end":{"line":837,"column":9}},"253":{"start":{"line":838,"column":30},"end":{"line":847,"column":8}},"254":{"start":{"line":849,"column":21},"end":{"line":849,"column":136}},"255":{"start":{"line":850,"column":33},"end":{"line":850,"column":63}},"256":{"start":{"line":851,"column":26},"end":{"line":855,"column":14}},"257":{"start":{"line":852,"column":54},"end":{"line":852,"column":66}},"258":{"start":{"line":856,"column":23},"end":{"line":861,"column":9}},"259":{"start":{"line":856,"column":50},"end":{"line":861,"column":8}},"260":{"start":{"line":863,"column":6},"end":{"line":874,"column":9}},"261":{"start":{"line":876,"column":6},"end":{"line":876,"column":125}},"262":{"start":{"line":877,"column":6},"end":{"line":877,"column":54}},"263":{"start":{"line":879,"column":21},"end":{"line":879,"column":50}},"264":{"start":{"line":880,"column":6},"end":{"line":884,"column":9}},"265":{"start":{"line":886,"column":6},"end":{"line":890,"column":17}},"266":{"start":{"line":892,"column":6},"end":{"line":892,"column":54}},"267":{"start":{"line":897,"column":24},"end":{"line":897,"column":76}},"268":{"start":{"line":898,"column":22},"end":{"line":898,"column":48}},"269":{"start":{"line":899,"column":4},"end":{"line":901,"column":5}},"270":{"start":{"line":900,"column":6},"end":{"line":900,"column":57}},"271":{"start":{"line":902,"column":4},"end":{"line":902,"column":23}},"272":{"start":{"line":906,"column":4},"end":{"line":911,"column":5}},"273":{"start":{"line":907,"column":23},"end":{"line":907,"column":105}},"274":{"start":{"line":908,"column":6},"end":{"line":910,"column":7}},"275":{"start":{"line":909,"column":8},"end":{"line":909,"column":70}},"276":{"start":{"line":913,"column":19},"end":{"line":913,"column":74}},"277":{"start":{"line":914,"column":4},"end":{"line":914,"column":41}},"278":{"start":{"line":915,"column":4},"end":{"line":915,"column":74}},"279":{"start":{"line":916,"column":4},"end":{"line":921,"column":7}},"280":{"start":{"line":923,"column":19},"end":{"line":923,"column":78}},"281":{"start":{"line":924,"column":4},"end":{"line":929,"column":7}},"282":{"start":{"line":931,"column":24},"end":{"line":931,"column":36}},"283":{"start":{"line":932,"column":24},"end":{"line":956,"column":6}},"284":{"start":{"line":958,"column":4},"end":{"line":958,"column":62}},"285":{"start":{"line":959,"column":4},"end":{"line":959,"column":115}},"286":{"start":{"line":961,"column":4},"end":{"line":986,"column":5}},"287":{"start":{"line":962,"column":26},"end":{"line":962,"column":95}},"288":{"start":{"line":963,"column":21},"end":{"line":963,"column":93}},"289":{"start":{"line":965,"column":6},"end":{"line":972,"column":9}},"290":{"start":{"line":974,"column":6},"end":{"line":974,"column":131}},"291":{"start":{"line":975,"column":6},"end":{"line":975,"column":60}},"292":{"start":{"line":977,"column":21},"end":{"line":977,"column":50}},"293":{"start":{"line":978,"column":6},"end":{"line":982,"column":9}},"294":{"start":{"line":984,"column":6},"end":{"line":984,"column":143}},"295":{"start":{"line":985,"column":6},"end":{"line":985,"column":60}},"296":{"start":{"line":990,"column":4},"end":{"line":990,"column":70}},"297":{"start":{"line":994,"column":4},"end":{"line":994,"column":44}},"298":{"start":{"line":995,"column":4},"end":{"line":995,"column":49}},"299":{"start":{"line":999,"column":4},"end":{"line":1004,"column":5}},"300":{"start":{"line":1000,"column":23},"end":{"line":1000,"column":105}},"301":{"start":{"line":1001,"column":6},"end":{"line":1003,"column":7}},"302":{"start":{"line":1002,"column":8},"end":{"line":1002,"column":81}},"303":{"start":{"line":1006,"column":19},"end":{"line":1006,"column":74}},"304":{"start":{"line":1007,"column":4},"end":{"line":1007,"column":41}},"305":{"start":{"line":1008,"column":4},"end":{"line":1008,"column":76}},"306":{"start":{"line":1009,"column":4},"end":{"line":1014,"column":7}},"307":{"start":{"line":1016,"column":19},"end":{"line":1016,"column":78}},"308":{"start":{"line":1017,"column":4},"end":{"line":1022,"column":7}},"309":{"start":{"line":1024,"column":24},"end":{"line":1024,"column":36}},"310":{"start":{"line":1025,"column":24},"end":{"line":1045,"column":6}},"311":{"start":{"line":1047,"column":4},"end":{"line":1047,"column":62}},"312":{"start":{"line":1048,"column":4},"end":{"line":1048,"column":119}},"313":{"start":{"line":1050,"column":4},"end":{"line":1080,"column":5}},"314":{"start":{"line":1051,"column":28},"end":{"line":1056,"column":8}},"315":{"start":{"line":1057,"column":21},"end":{"line":1057,"column":97}},"316":{"start":{"line":1059,"column":6},"end":{"line":1066,"column":9}},"317":{"start":{"line":1068,"column":6},"end":{"line":1068,"column":131}},"318":{"start":{"line":1069,"column":6},"end":{"line":1069,"column":71}},"319":{"start":{"line":1071,"column":21},"end":{"line":1071,"column":50}},"320":{"start":{"line":1072,"column":6},"end":{"line":1076,"column":9}},"321":{"start":{"line":1078,"column":6},"end":{"line":1078,"column":143}},"322":{"start":{"line":1079,"column":6},"end":{"line":1079,"column":71}},"323":{"start":{"line":1084,"column":4},"end":{"line":1084,"column":61}},"324":{"start":{"line":1088,"column":4},"end":{"line":1088,"column":48}},"325":{"start":{"line":1092,"column":4},"end":{"line":1092,"column":40}},"326":{"start":{"line":1096,"column":24},"end":{"line":1096,"column":78}},"327":{"start":{"line":1097,"column":4},"end":{"line":1102,"column":5}},"328":{"start":{"line":1098,"column":20},"end":{"line":1098,"column":98}},"329":{"start":{"line":1099,"column":6},"end":{"line":1099,"column":25}},"330":{"start":{"line":1100,"column":6},"end":{"line":1100,"column":41}},"331":{"start":{"line":1101,"column":6},"end":{"line":1101,"column":18}},"332":{"start":{"line":1104,"column":4},"end":{"line":1109,"column":5}},"333":{"start":{"line":1105,"column":20},"end":{"line":1105,"column":107}},"334":{"start":{"line":1106,"column":6},"end":{"line":1106,"column":25}},"335":{"start":{"line":1107,"column":6},"end":{"line":1107,"column":41}},"336":{"start":{"line":1108,"column":6},"end":{"line":1108,"column":18}},"337":{"start":{"line":1110,"column":4},"end":{"line":1110,"column":57}},"338":{"start":{"line":1112,"column":4},"end":{"line":1117,"column":5}},"339":{"start":{"line":1113,"column":20},"end":{"line":1113,"column":102}},"340":{"start":{"line":1114,"column":6},"end":{"line":1114,"column":25}},"341":{"start":{"line":1115,"column":6},"end":{"line":1115,"column":45}},"342":{"start":{"line":1116,"column":6},"end":{"line":1116,"column":18}},"343":{"start":{"line":1119,"column":4},"end":{"line":1119,"column":23}},"344":{"start":{"line":1123,"column":25},"end":{"line":1123,"column":65}},"345":{"start":{"line":1124,"column":4},"end":{"line":1129,"column":5}},"346":{"start":{"line":1125,"column":20},"end":{"line":1125,"column":95}},"347":{"start":{"line":1126,"column":6},"end":{"line":1126,"column":25}},"348":{"start":{"line":1127,"column":6},"end":{"line":1127,"column":38}},"349":{"start":{"line":1128,"column":6},"end":{"line":1128,"column":18}},"350":{"start":{"line":1131,"column":19},"end":{"line":1131,"column":57}},"351":{"start":{"line":1132,"column":4},"end":{"line":1137,"column":5}},"352":{"start":{"line":1133,"column":20},"end":{"line":1133,"column":104}},"353":{"start":{"line":1134,"column":6},"end":{"line":1134,"column":25}},"354":{"start":{"line":1135,"column":6},"end":{"line":1135,"column":38}},"355":{"start":{"line":1136,"column":6},"end":{"line":1136,"column":18}},"356":{"start":{"line":1138,"column":4},"end":{"line":1138,"column":55}},"357":{"start":{"line":1139,"column":4},"end":{"line":1139,"column":18}},"358":{"start":{"line":1146,"column":4},"end":{"line":1151,"column":5}},"359":{"start":{"line":1147,"column":20},"end":{"line":1147,"column":101}},"360":{"start":{"line":1148,"column":6},"end":{"line":1148,"column":25}},"361":{"start":{"line":1149,"column":6},"end":{"line":1149,"column":41}},"362":{"start":{"line":1150,"column":6},"end":{"line":1150,"column":18}},"363":{"start":{"line":1153,"column":4},"end":{"line":1158,"column":5}},"364":{"start":{"line":1154,"column":20},"end":{"line":1154,"column":97}},"365":{"start":{"line":1155,"column":6},"end":{"line":1155,"column":25}},"366":{"start":{"line":1156,"column":6},"end":{"line":1156,"column":36}},"367":{"start":{"line":1157,"column":6},"end":{"line":1157,"column":18}},"368":{"start":{"line":1160,"column":4},"end":{"line":1165,"column":5}},"369":{"start":{"line":1161,"column":20},"end":{"line":1161,"column":107}},"370":{"start":{"line":1162,"column":6},"end":{"line":1162,"column":25}},"371":{"start":{"line":1163,"column":6},"end":{"line":1163,"column":42}},"372":{"start":{"line":1164,"column":6},"end":{"line":1164,"column":18}},"373":{"start":{"line":1167,"column":25},"end":{"line":1167,"column":81}},"374":{"start":{"line":1167,"column":61},"end":{"line":1167,"column":80}},"375":{"start":{"line":1168,"column":4},"end":{"line":1173,"column":5}},"376":{"start":{"line":1169,"column":20},"end":{"line":1169,"column":106}},"377":{"start":{"line":1170,"column":6},"end":{"line":1170,"column":25}},"378":{"start":{"line":1171,"column":6},"end":{"line":1171,"column":41}},"379":{"start":{"line":1172,"column":6},"end":{"line":1172,"column":18}},"380":{"start":{"line":1174,"column":4},"end":{"line":1179,"column":5}},"381":{"start":{"line":1175,"column":20},"end":{"line":1175,"column":106}},"382":{"start":{"line":1176,"column":6},"end":{"line":1176,"column":25}},"383":{"start":{"line":1177,"column":6},"end":{"line":1177,"column":41}},"384":{"start":{"line":1178,"column":6},"end":{"line":1178,"column":18}},"385":{"start":{"line":1181,"column":4},"end":{"line":1186,"column":5}},"386":{"start":{"line":1181,"column":43},"end":{"line":1181,"column":81}},"387":{"start":{"line":1182,"column":20},"end":{"line":1182,"column":106}},"388":{"start":{"line":1183,"column":6},"end":{"line":1183,"column":25}},"389":{"start":{"line":1184,"column":6},"end":{"line":1184,"column":41}},"390":{"start":{"line":1185,"column":6},"end":{"line":1185,"column":18}},"391":{"start":{"line":1188,"column":22},"end":{"line":1188,"column":46}},"392":{"start":{"line":1189,"column":28},"end":{"line":1189,"column":51}},"393":{"start":{"line":1190,"column":4},"end":{"line":1195,"column":5}},"394":{"start":{"line":1191,"column":20},"end":{"line":1191,"column":104}},"395":{"start":{"line":1192,"column":6},"end":{"line":1192,"column":25}},"396":{"start":{"line":1193,"column":6},"end":{"line":1193,"column":42}},"397":{"start":{"line":1194,"column":6},"end":{"line":1194,"column":18}},"398":{"start":{"line":1199,"column":22},"end":{"line":1199,"column":43}},"399":{"start":{"line":1200,"column":4},"end":{"line":1205,"column":5}},"400":{"start":{"line":1201,"column":20},"end":{"line":1201,"column":111}},"401":{"start":{"line":1202,"column":6},"end":{"line":1202,"column":25}},"402":{"start":{"line":1203,"column":6},"end":{"line":1203,"column":44}},"403":{"start":{"line":1204,"column":6},"end":{"line":1204,"column":18}},"404":{"start":{"line":1209,"column":27},"end":{"line":1209,"column":90}},"405":{"start":{"line":1210,"column":4},"end":{"line":1215,"column":5}},"406":{"start":{"line":1211,"column":20},"end":{"line":1211,"column":129}},"407":{"start":{"line":1212,"column":6},"end":{"line":1212,"column":25}},"408":{"start":{"line":1213,"column":6},"end":{"line":1213,"column":46}},"409":{"start":{"line":1214,"column":6},"end":{"line":1214,"column":18}},"410":{"start":{"line":1219,"column":22},"end":{"line":1219,"column":55}},"411":{"start":{"line":1220,"column":21},"end":{"line":1220,"column":48}},"412":{"start":{"line":1221,"column":4},"end":{"line":1226,"column":5}},"413":{"start":{"line":1222,"column":20},"end":{"line":1222,"column":122}},"414":{"start":{"line":1223,"column":6},"end":{"line":1223,"column":25}},"415":{"start":{"line":1224,"column":6},"end":{"line":1224,"column":49}},"416":{"start":{"line":1225,"column":6},"end":{"line":1225,"column":18}},"417":{"start":{"line":1228,"column":4},"end":{"line":1233,"column":5}},"418":{"start":{"line":1229,"column":20},"end":{"line":1229,"column":125}},"419":{"start":{"line":1230,"column":6},"end":{"line":1230,"column":25}},"420":{"start":{"line":1231,"column":6},"end":{"line":1231,"column":49}},"421":{"start":{"line":1232,"column":6},"end":{"line":1232,"column":18}},"422":{"start":{"line":1243,"column":4},"end":{"line":1248,"column":5}},"423":{"start":{"line":1244,"column":20},"end":{"line":1244,"column":131}},"424":{"start":{"line":1245,"column":6},"end":{"line":1245,"column":25}},"425":{"start":{"line":1246,"column":6},"end":{"line":1246,"column":41}},"426":{"start":{"line":1247,"column":6},"end":{"line":1247,"column":18}},"427":{"start":{"line":1250,"column":4},"end":{"line":1255,"column":5}},"428":{"start":{"line":1251,"column":20},"end":{"line":1251,"column":125}},"429":{"start":{"line":1252,"column":6},"end":{"line":1252,"column":25}},"430":{"start":{"line":1253,"column":6},"end":{"line":1253,"column":49}},"431":{"start":{"line":1254,"column":6},"end":{"line":1254,"column":18}},"432":{"start":{"line":1257,"column":28},"end":{"line":1257,"column":61}},"433":{"start":{"line":1258,"column":28},"end":{"line":1258,"column":61}},"434":{"start":{"line":1259,"column":22},"end":{"line":1259,"column":68}},"435":{"start":{"line":1260,"column":21},"end":{"line":1260,"column":97}},"436":{"start":{"line":1261,"column":4},"end":{"line":1263,"column":5}},"437":{"start":{"line":1262,"column":6},"end":{"line":1262,"column":91}},"438":{"start":{"line":1267,"column":16},"end":{"line":1267,"column":32}},"439":{"start":{"line":1268,"column":4},"end":{"line":1268,"column":37}},"440":{"start":{"line":1268,"column":14},"end":{"line":1268,"column":37}},"441":{"start":{"line":1269,"column":4},"end":{"line":1271,"column":5}},"442":{"start":{"line":1270,"column":6},"end":{"line":1270,"column":46}},"443":{"start":{"line":1272,"column":18},"end":{"line":1272,"column":44}},"444":{"start":{"line":1273,"column":4},"end":{"line":1273,"column":54}},"445":{"start":{"line":1277,"column":4},"end":{"line":1285,"column":5}},"446":{"start":{"line":1278,"column":21},"end":{"line":1278,"column":51}},"447":{"start":{"line":1279,"column":6},"end":{"line":1281,"column":7}},"448":{"start":{"line":1280,"column":8},"end":{"line":1280,"column":43}},"449":{"start":{"line":1282,"column":6},"end":{"line":1282,"column":20}},"450":{"start":{"line":1284,"column":6},"end":{"line":1284,"column":89}},"451":{"start":{"line":1289,"column":23},"end":{"line":1289,"column":59}},"452":{"start":{"line":1290,"column":4},"end":{"line":1292,"column":5}},"453":{"start":{"line":1291,"column":6},"end":{"line":1291,"column":91}},"454":{"start":{"line":1294,"column":4},"end":{"line":1296,"column":5}},"455":{"start":{"line":1295,"column":6},"end":{"line":1295,"column":101}},"456":{"start":{"line":1298,"column":4},"end":{"line":1298,"column":42}},"457":{"start":{"line":1302,"column":4},"end":{"line":1308,"column":5}},"458":{"start":{"line":1303,"column":25},"end":{"line":1303,"column":71}},"459":{"start":{"line":1304,"column":22},"end":{"line":1304,"column":66}},"460":{"start":{"line":1305,"column":6},"end":{"line":1305,"column":76}},"461":{"start":{"line":1307,"column":6},"end":{"line":1307,"column":82}},"462":{"start":{"line":1312,"column":18},"end":{"line":1312,"column":80}},"463":{"start":{"line":1313,"column":4},"end":{"line":1313,"column":23}},"464":{"start":{"line":1314,"column":4},"end":{"line":1314,"column":47}},"465":{"start":{"line":1315,"column":4},"end":{"line":1315,"column":17}},"466":{"start":{"line":1325,"column":4},"end":{"line":1328,"column":5}},"467":{"start":{"line":1326,"column":6},"end":{"line":1326,"column":84}},"468":{"start":{"line":1327,"column":6},"end":{"line":1327,"column":13}},"469":{"start":{"line":1330,"column":4},"end":{"line":1330,"column":79}},"470":{"start":{"line":1331,"column":4},"end":{"line":1333,"column":5}},"471":{"start":{"line":1332,"column":6},"end":{"line":1332,"column":81}},"472":{"start":{"line":1337,"column":23},"end":{"line":1337,"column":71}},"473":{"start":{"line":1340,"column":4},"end":{"line":1360,"column":5}},"474":{"start":{"line":1341,"column":6},"end":{"line":1359,"column":7}},"475":{"start":{"line":1342,"column":8},"end":{"line":1353,"column":11}},"476":{"start":{"line":1355,"column":8},"end":{"line":1355,"column":26}},"477":{"start":{"line":1356,"column":8},"end":{"line":1358,"column":9}},"478":{"start":{"line":1357,"column":10},"end":{"line":1357,"column":16}},"479":{"start":{"line":1362,"column":4},"end":{"line":1362,"column":20}},"480":{"start":{"line":1366,"column":19},"end":{"line":1366,"column":55}},"481":{"start":{"line":1367,"column":17},"end":{"line":1367,"column":42}},"482":{"start":{"line":1368,"column":4},"end":{"line":1368,"column":70}},"483":{"start":{"line":1372,"column":20},"end":{"line":1372,"column":64}},"484":{"start":{"line":1373,"column":19},"end":{"line":1373,"column":55}},"485":{"start":{"line":1374,"column":17},"end":{"line":1374,"column":42}},"486":{"start":{"line":1376,"column":4},"end":{"line":1378,"column":5}},"487":{"start":{"line":1377,"column":6},"end":{"line":1377,"column":31}},"488":{"start":{"line":1380,"column":4},"end":{"line":1382,"column":5}},"489":{"start":{"line":1381,"column":6},"end":{"line":1381,"column":52}},"490":{"start":{"line":1383,"column":4},"end":{"line":1385,"column":5}},"491":{"start":{"line":1384,"column":6},"end":{"line":1384,"column":57}},"492":{"start":{"line":1386,"column":4},"end":{"line":1388,"column":5}},"493":{"start":{"line":1387,"column":6},"end":{"line":1387,"column":56}},"494":{"start":{"line":1389,"column":4},"end":{"line":1389,"column":49}},"495":{"start":{"line":1398,"column":17},"end":{"line":1398,"column":32}},"496":{"start":{"line":1399,"column":15},"end":{"line":1399,"column":30}},"497":{"start":{"line":1400,"column":23},"end":{"line":1400,"column":29}},"498":{"start":{"line":1401,"column":16},"end":{"line":1401,"column":74}},"499":{"start":{"line":1402,"column":19},"end":{"line":1402,"column":57}},"500":{"start":{"line":1403,"column":23},"end":{"line":1403,"column":87}},"501":{"start":{"line":1404,"column":20},"end":{"line":1404,"column":39}},"502":{"start":{"line":1406,"column":4},"end":{"line":1418,"column":6}},"503":{"start":{"line":1422,"column":22},"end":{"line":1422,"column":77}},"504":{"start":{"line":1423,"column":20},"end":{"line":1423,"column":82}},"505":{"start":{"line":1424,"column":27},"end":{"line":1424,"column":100}},"506":{"start":{"line":1426,"column":4},"end":{"line":1445,"column":5}},"507":{"start":{"line":1426,"column":23},"end":{"line":1426,"column":24}},"508":{"start":{"line":1427,"column":6},"end":{"line":1444,"column":7}},"509":{"start":{"line":1428,"column":8},"end":{"line":1434,"column":11}},"510":{"start":{"line":1435,"column":8},"end":{"line":1435,"column":15}},"511":{"start":{"line":1437,"column":23},"end":{"line":1437,"column":59}},"512":{"start":{"line":1438,"column":21},"end":{"line":1438,"column":46}},"513":{"start":{"line":1439,"column":26},"end":{"line":1439,"column":84}},"514":{"start":{"line":1440,"column":8},"end":{"line":1442,"column":9}},"515":{"start":{"line":1441,"column":10},"end":{"line":1441,"column":17}},"516":{"start":{"line":1443,"column":8},"end":{"line":1443,"column":92}},"517":{"start":{"line":1443,"column":39},"end":{"line":1443,"column":90}},"518":{"start":{"line":1449,"column":25},"end":{"line":1449,"column":90}},"519":{"start":{"line":1450,"column":4},"end":{"line":1455,"column":5}},"520":{"start":{"line":1451,"column":20},"end":{"line":1451,"column":106}},"521":{"start":{"line":1452,"column":6},"end":{"line":1452,"column":25}},"522":{"start":{"line":1453,"column":6},"end":{"line":1453,"column":38}},"523":{"start":{"line":1454,"column":6},"end":{"line":1454,"column":18}},"524":{"start":{"line":163,"column":0},"end":{"line":163,"column":13}}},"fnMap":{"0":{"name":"(anonymous_1)","decl":{"start":{"line":164,"column":2},"end":{"line":164,"column":null}},"loc":{"start":{"line":170,"column":66},"end":{"line":171,"column":6}}},"1":{"name":"(anonymous_2)","decl":{"start":{"line":173,"column":10},"end":{"line":173,"column":24}},"loc":{"start":{"line":173,"column":49},"end":{"line":182,"column":3}}},"2":{"name":"(anonymous_3)","decl":{"start":{"line":184,"column":10},"end":{"line":184,"column":15}},"loc":{"start":{"line":184,"column":97},"end":{"line":225,"column":3}}},"3":{"name":"(anonymous_4)","decl":{"start":{"line":196,"column":24},"end":{"line":196,"column":29}},"loc":{"start":{"line":196,"column":47},"end":{"line":223,"column":7}}},"4":{"name":"(anonymous_5)","decl":{"start":{"line":227,"column":10},"end":{"line":227,"column":15}},"loc":{"start":{"line":227,"column":63},"end":{"line":245,"column":3}}},"5":{"name":"(anonymous_6)","decl":{"start":{"line":247,"column":10},"end":{"line":247,"column":21}},"loc":{"start":{"line":247,"column":42},"end":{"line":249,"column":3}}},"6":{"name":"(anonymous_7)","decl":{"start":{"line":251,"column":2},"end":{"line":251,"column":7}},"loc":{"start":{"line":251,"column":47},"end":{"line":314,"column":3}}},"7":{"name":"(anonymous_8)","decl":{"start":{"line":316,"column":2},"end":{"line":316,"column":7}},"loc":{"start":{"line":316,"column":59},"end":{"line":384,"column":3}}},"8":{"name":"(anonymous_9)","decl":{"start":{"line":386,"column":2},"end":{"line":386,"column":7}},"loc":{"start":{"line":386,"column":43},"end":{"line":451,"column":3}}},"9":{"name":"(anonymous_10)","decl":{"start":{"line":453,"column":2},"end":{"line":453,"column":7}},"loc":{"start":{"line":453,"column":65},"end":{"line":502,"column":3}}},"10":{"name":"(anonymous_11)","decl":{"start":{"line":504,"column":2},"end":{"line":504,"column":7}},"loc":{"start":{"line":504,"column":57},"end":{"line":524,"column":3}}},"11":{"name":"(anonymous_12)","decl":{"start":{"line":526,"column":2},"end":{"line":526,"column":7}},"loc":{"start":{"line":526,"column":66},"end":{"line":568,"column":3}}},"12":{"name":"(anonymous_13)","decl":{"start":{"line":570,"column":2},"end":{"line":570,"column":7}},"loc":{"start":{"line":573,"column":91},"end":{"line":650,"column":3}}},"13":{"name":"(anonymous_14)","decl":{"start":{"line":652,"column":2},"end":{"line":652,"column":7}},"loc":{"start":{"line":652,"column":59},"end":{"line":661,"column":3}}},"14":{"name":"(anonymous_15)","decl":{"start":{"line":663,"column":2},"end":{"line":663,"column":7}},"loc":{"start":{"line":663,"column":47},"end":{"line":696,"column":3}}},"15":{"name":"(anonymous_16)","decl":{"start":{"line":673,"column":45},"end":{"line":673,"column":46}},"loc":{"start":{"line":673,"column":56},"end":{"line":673,"column":75}}},"16":{"name":"(anonymous_17)","decl":{"start":{"line":698,"column":2},"end":{"line":698,"column":7}},"loc":{"start":{"line":698,"column":54},"end":{"line":722,"column":3}}},"17":{"name":"(anonymous_18)","decl":{"start":{"line":724,"column":2},"end":{"line":724,"column":7}},"loc":{"start":{"line":724,"column":53},"end":{"line":748,"column":3}}},"18":{"name":"(anonymous_19)","decl":{"start":{"line":750,"column":2},"end":{"line":750,"column":7}},"loc":{"start":{"line":750,"column":97},"end":{"line":759,"column":3}}},"19":{"name":"(anonymous_20)","decl":{"start":{"line":761,"column":2},"end":{"line":761,"column":7}},"loc":{"start":{"line":761,"column":43},"end":{"line":894,"column":3}}},"20":{"name":"(anonymous_21)","decl":{"start":{"line":852,"column":44},"end":{"line":852,"column":45}},"loc":{"start":{"line":852,"column":54},"end":{"line":852,"column":66}}},"21":{"name":"(anonymous_22)","decl":{"start":{"line":856,"column":39},"end":{"line":856,"column":40}},"loc":{"start":{"line":856,"column":50},"end":{"line":861,"column":8}}},"22":{"name":"(anonymous_23)","decl":{"start":{"line":896,"column":2},"end":{"line":896,"column":7}},"loc":{"start":{"line":896,"column":46},"end":{"line":903,"column":3}}},"23":{"name":"(anonymous_24)","decl":{"start":{"line":905,"column":2},"end":{"line":905,"column":7}},"loc":{"start":{"line":905,"column":45},"end":{"line":987,"column":3}}},"24":{"name":"(anonymous_25)","decl":{"start":{"line":989,"column":2},"end":{"line":989,"column":7}},"loc":{"start":{"line":989,"column":52},"end":{"line":991,"column":3}}},"25":{"name":"(anonymous_26)","decl":{"start":{"line":993,"column":2},"end":{"line":993,"column":7}},"loc":{"start":{"line":993,"column":40},"end":{"line":996,"column":3}}},"26":{"name":"(anonymous_27)","decl":{"start":{"line":998,"column":2},"end":{"line":998,"column":7}},"loc":{"start":{"line":998,"column":61},"end":{"line":1081,"column":3}}},"27":{"name":"(anonymous_28)","decl":{"start":{"line":1083,"column":2},"end":{"line":1083,"column":7}},"loc":{"start":{"line":1083,"column":63},"end":{"line":1085,"column":3}}},"28":{"name":"(anonymous_29)","decl":{"start":{"line":1087,"column":2},"end":{"line":1087,"column":7}},"loc":{"start":{"line":1087,"column":50},"end":{"line":1089,"column":3}}},"29":{"name":"(anonymous_30)","decl":{"start":{"line":1091,"column":2},"end":{"line":1091,"column":7}},"loc":{"start":{"line":1091,"column":45},"end":{"line":1093,"column":3}}},"30":{"name":"(anonymous_31)","decl":{"start":{"line":1095,"column":10},"end":{"line":1095,"column":15}},"loc":{"start":{"line":1095,"column":86},"end":{"line":1120,"column":3}}},"31":{"name":"(anonymous_32)","decl":{"start":{"line":1122,"column":10},"end":{"line":1122,"column":15}},"loc":{"start":{"line":1122,"column":67},"end":{"line":1140,"column":3}}},"32":{"name":"(anonymous_33)","decl":{"start":{"line":1142,"column":10},"end":{"line":1142,"column":28}},"loc":{"start":{"line":1144,"column":105},"end":{"line":1196,"column":3}}},"33":{"name":"(anonymous_34)","decl":{"start":{"line":1167,"column":50},"end":{"line":1167,"column":51}},"loc":{"start":{"line":1167,"column":61},"end":{"line":1167,"column":80}}},"34":{"name":"(anonymous_35)","decl":{"start":{"line":1181,"column":30},"end":{"line":1181,"column":31}},"loc":{"start":{"line":1181,"column":43},"end":{"line":1181,"column":81}}},"35":{"name":"(anonymous_36)","decl":{"start":{"line":1198,"column":10},"end":{"line":1198,"column":33}},"loc":{"start":{"line":1198,"column":54},"end":{"line":1206,"column":3}}},"36":{"name":"(anonymous_37)","decl":{"start":{"line":1208,"column":10},"end":{"line":1208,"column":15}},"loc":{"start":{"line":1208,"column":105},"end":{"line":1216,"column":3}}},"37":{"name":"(anonymous_38)","decl":{"start":{"line":1218,"column":10},"end":{"line":1218,"column":28}},"loc":{"start":{"line":1218,"column":112},"end":{"line":1234,"column":3}}},"38":{"name":"(anonymous_39)","decl":{"start":{"line":1236,"column":10},"end":{"line":1236,"column":28}},"loc":{"start":{"line":1241,"column":22},"end":{"line":1264,"column":3}}},"39":{"name":"(anonymous_40)","decl":{"start":{"line":1266,"column":10},"end":{"line":1266,"column":24}},"loc":{"start":{"line":1266,"column":42},"end":{"line":1274,"column":3}}},"40":{"name":"(anonymous_41)","decl":{"start":{"line":1276,"column":10},"end":{"line":1276,"column":27}},"loc":{"start":{"line":1276,"column":45},"end":{"line":1286,"column":3}}},"41":{"name":"(anonymous_42)","decl":{"start":{"line":1288,"column":10},"end":{"line":1288,"column":27}},"loc":{"start":{"line":1288,"column":45},"end":{"line":1299,"column":3}}},"42":{"name":"(anonymous_43)","decl":{"start":{"line":1301,"column":10},"end":{"line":1301,"column":34}},"loc":{"start":{"line":1301,"column":58},"end":{"line":1309,"column":3}}},"43":{"name":"(anonymous_44)","decl":{"start":{"line":1311,"column":10},"end":{"line":1311,"column":46}},"loc":{"start":{"line":1311,"column":62},"end":{"line":1316,"column":3}}},"44":{"name":"(anonymous_45)","decl":{"start":{"line":1318,"column":10},"end":{"line":1318,"column":15}},"loc":{"start":{"line":1323,"column":25},"end":{"line":1334,"column":3}}},"45":{"name":"(anonymous_46)","decl":{"start":{"line":1336,"column":10},"end":{"line":1336,"column":15}},"loc":{"start":{"line":1336,"column":87},"end":{"line":1363,"column":3}}},"46":{"name":"(anonymous_47)","decl":{"start":{"line":1365,"column":10},"end":{"line":1365,"column":30}},"loc":{"start":{"line":1365,"column":41},"end":{"line":1369,"column":3}}},"47":{"name":"(anonymous_48)","decl":{"start":{"line":1371,"column":10},"end":{"line":1371,"column":27}},"loc":{"start":{"line":1371,"column":38},"end":{"line":1390,"column":3}}},"48":{"name":"(anonymous_49)","decl":{"start":{"line":1392,"column":10},"end":{"line":1392,"column":31}},"loc":{"start":{"line":1396,"column":41},"end":{"line":1419,"column":3}}},"49":{"name":"(anonymous_50)","decl":{"start":{"line":1421,"column":10},"end":{"line":1421,"column":15}},"loc":{"start":{"line":1421,"column":101},"end":{"line":1446,"column":3}}},"50":{"name":"(anonymous_51)","decl":{"start":{"line":1443,"column":26},"end":{"line":1443,"column":27}},"loc":{"start":{"line":1443,"column":39},"end":{"line":1443,"column":90}}},"51":{"name":"(anonymous_52)","decl":{"start":{"line":1448,"column":10},"end":{"line":1448,"column":31}},"loc":{"start":{"line":1448,"column":69},"end":{"line":1456,"column":3}}}},"branchMap":{"0":{"loc":{"start":{"line":170,"column":21},"end":{"line":170,"column":66}},"type":"default-arg","locations":[{"start":{"line":170,"column":61},"end":{"line":170,"column":66}}]},"1":{"loc":{"start":{"line":175,"column":4},"end":{"line":180,"column":5}},"type":"if","locations":[{"start":{"line":175,"column":4},"end":{"line":180,"column":5}},{"start":{},"end":{}}]},"2":{"loc":{"start":{"line":197,"column":25},"end":{"line":197,"column":51}},"type":"binary-expr","locations":[{"start":{"line":197,"column":25},"end":{"line":197,"column":45}},{"start":{"line":197,"column":49},"end":{"line":197,"column":51}}]},"3":{"loc":{"start":{"line":198,"column":30},"end":{"line":198,"column":93}},"type":"cond-expr","locations":[{"start":{"line":198,"column":62},"end":{"line":198,"column":88}},{"start":{"line":198,"column":91},"end":{"line":198,"column":93}}]},"4":{"loc":{"start":{"line":201,"column":8},"end":{"line":203,"column":9}},"type":"if","locations":[{"start":{"line":201,"column":8},"end":{"line":203,"column":9}},{"start":{},"end":{}}]},"5":{"loc":{"start":{"line":201,"column":12},"end":{"line":201,"column":83}},"type":"binary-expr","locations":[{"start":{"line":201,"column":12},"end":{"line":201,"column":19}},{"start":{"line":201,"column":24},"end":{"line":201,"column":48}},{"start":{"line":201,"column":52},"end":{"line":201,"column":82}}]},"6":{"loc":{"start":{"line":205,"column":27},"end":{"line":205,"column":44}},"type":"binary-expr","locations":[{"start":{"line":205,"column":27},"end":{"line":205,"column":38}},{"start":{"line":205,"column":42},"end":{"line":205,"column":44}}]},"7":{"loc":{"start":{"line":206,"column":8},"end":{"line":206,"column":25}},"type":"if","locations":[{"start":{"line":206,"column":8},"end":{"line":206,"column":25}},{"start":{},"end":{}}]},"8":{"loc":{"start":{"line":217,"column":23},"end":{"line":217,"column":79}},"type":"cond-expr","locations":[{"start":{"line":217,"column":60},"end":{"line":217,"column":74}},{"start":{"line":217,"column":77},"end":{"line":217,"column":79}}]},"9":{"loc":{"start":{"line":218,"column":26},"end":{"line":220,"column":21}},"type":"cond-expr","locations":[{"start":{"line":219,"column":12},"end":{"line":219,"column":89}},{"start":{"line":220,"column":12},"end":{"line":220,"column":21}}]},"10":{"loc":{"start":{"line":229,"column":4},"end":{"line":234,"column":5}},"type":"if","locations":[{"start":{"line":229,"column":4},"end":{"line":234,"column":5}},{"start":{},"end":{}}]},"11":{"loc":{"start":{"line":236,"column":4},"end":{"line":241,"column":5}},"type":"if","locations":[{"start":{"line":236,"column":4},"end":{"line":241,"column":5}},{"start":{},"end":{}}]},"12":{"loc":{"start":{"line":248,"column":11},"end":{"line":248,"column":84}},"type":"binary-expr","locations":[{"start":{"line":248,"column":11},"end":{"line":248,"column":38}},{"start":{"line":248,"column":42},"end":{"line":248,"column":84}}]},"13":{"loc":{"start":{"line":252,"column":37},"end":{"line":252,"column":81}},"type":"binary-expr","locations":[{"start":{"line":252,"column":37},"end":{"line":252,"column":51}},{"start":{"line":252,"column":55},"end":{"line":252,"column":81}}]},"14":{"loc":{"start":{"line":253,"column":4},"end":{"line":261,"column":5}},"type":"if","locations":[{"start":{"line":253,"column":4},"end":{"line":261,"column":5}},{"start":{},"end":{}}]},"15":{"loc":{"start":{"line":275,"column":32},"end":{"line":275,"column":74}},"type":"binary-expr","locations":[{"start":{"line":275,"column":32},"end":{"line":275,"column":46}},{"start":{"line":275,"column":50},"end":{"line":275,"column":74}}]},"16":{"loc":{"start":{"line":281,"column":26},"end":{"line":281,"column":65}},"type":"binary-expr","locations":[{"start":{"line":281,"column":26},"end":{"line":281,"column":48}},{"start":{"line":281,"column":52},"end":{"line":281,"column":65}}]},"17":{"loc":{"start":{"line":282,"column":4},"end":{"line":287,"column":5}},"type":"if","locations":[{"start":{"line":282,"column":4},"end":{"line":287,"column":5}},{"start":{},"end":{}}]},"18":{"loc":{"start":{"line":300,"column":12},"end":{"line":300,"column":41}},"type":"binary-expr","locations":[{"start":{"line":300,"column":12},"end":{"line":300,"column":35}},{"start":{"line":300,"column":39},"end":{"line":300,"column":41}}]},"19":{"loc":{"start":{"line":301,"column":12},"end":{"line":301,"column":32}},"type":"binary-expr","locations":[{"start":{"line":301,"column":12},"end":{"line":301,"column":26}},{"start":{"line":301,"column":30},"end":{"line":301,"column":32}}]},"20":{"loc":{"start":{"line":318,"column":4},"end":{"line":326,"column":5}},"type":"if","locations":[{"start":{"line":318,"column":4},"end":{"line":326,"column":5}},{"start":{},"end":{}}]},"21":{"loc":{"start":{"line":328,"column":28},"end":{"line":328,"column":54}},"type":"binary-expr","locations":[{"start":{"line":328,"column":28},"end":{"line":328,"column":48}},{"start":{"line":328,"column":52},"end":{"line":328,"column":54}}]},"22":{"loc":{"start":{"line":329,"column":4},"end":{"line":334,"column":5}},"type":"if","locations":[{"start":{"line":329,"column":4},"end":{"line":334,"column":5}},{"start":{},"end":{}}]},"23":{"loc":{"start":{"line":338,"column":4},"end":{"line":343,"column":5}},"type":"if","locations":[{"start":{"line":338,"column":4},"end":{"line":343,"column":5}},{"start":{},"end":{}}]},"24":{"loc":{"start":{"line":362,"column":12},"end":{"line":362,"column":32}},"type":"binary-expr","locations":[{"start":{"line":362,"column":12},"end":{"line":362,"column":26}},{"start":{"line":362,"column":30},"end":{"line":362,"column":32}}]},"25":{"loc":{"start":{"line":387,"column":37},"end":{"line":387,"column":81}},"type":"binary-expr","locations":[{"start":{"line":387,"column":37},"end":{"line":387,"column":51}},{"start":{"line":387,"column":55},"end":{"line":387,"column":81}}]},"26":{"loc":{"start":{"line":403,"column":32},"end":{"line":403,"column":70}},"type":"binary-expr","locations":[{"start":{"line":403,"column":32},"end":{"line":403,"column":46}},{"start":{"line":403,"column":50},"end":{"line":403,"column":70}}]},"27":{"loc":{"start":{"line":404,"column":30},"end":{"line":404,"column":50}},"type":"binary-expr","locations":[{"start":{"line":404,"column":30},"end":{"line":404,"column":43}},{"start":{"line":404,"column":47},"end":{"line":404,"column":50}}]},"28":{"loc":{"start":{"line":405,"column":28},"end":{"line":405,"column":63}},"type":"binary-expr","locations":[{"start":{"line":405,"column":28},"end":{"line":405,"column":39}},{"start":{"line":405,"column":43},"end":{"line":405,"column":63}}]},"29":{"loc":{"start":{"line":409,"column":29},"end":{"line":409,"column":89}},"type":"cond-expr","locations":[{"start":{"line":409,"column":43},"end":{"line":409,"column":66}},{"start":{"line":409,"column":87},"end":{"line":409,"column":89}}]},"30":{"loc":{"start":{"line":409,"column":43},"end":{"line":409,"column":66}},"type":"binary-expr","locations":[{"start":{"line":409,"column":43},"end":{"line":409,"column":60}},{"start":{"line":409,"column":64},"end":{"line":409,"column":66}}]},"31":{"loc":{"start":{"line":413,"column":24},"end":{"line":413,"column":118}},"type":"binary-expr","locations":[{"start":{"line":413,"column":24},"end":{"line":413,"column":55}},{"start":{"line":413,"column":59},"end":{"line":413,"column":81}},{"start":{"line":413,"column":85},"end":{"line":413,"column":118}}]},"32":{"loc":{"start":{"line":414,"column":10},"end":{"line":414,"column":84}},"type":"cond-expr","locations":[{"start":{"line":414,"column":38},"end":{"line":414,"column":79}},{"start":{"line":414,"column":82},"end":{"line":414,"column":84}}]},"33":{"loc":{"start":{"line":415,"column":10},"end":{"line":415,"column":39}},"type":"binary-expr","locations":[{"start":{"line":415,"column":10},"end":{"line":415,"column":33}},{"start":{"line":415,"column":37},"end":{"line":415,"column":39}}]},"34":{"loc":{"start":{"line":416,"column":10},"end":{"line":416,"column":63}},"type":"cond-expr","locations":[{"start":{"line":416,"column":28},"end":{"line":416,"column":58}},{"start":{"line":416,"column":61},"end":{"line":416,"column":63}}]},"35":{"loc":{"start":{"line":417,"column":10},"end":{"line":417,"column":30}},"type":"binary-expr","locations":[{"start":{"line":417,"column":10},"end":{"line":417,"column":24}},{"start":{"line":417,"column":28},"end":{"line":417,"column":30}}]},"36":{"loc":{"start":{"line":420,"column":4},"end":{"line":430,"column":5}},"type":"if","locations":[{"start":{"line":420,"column":4},"end":{"line":430,"column":5}},{"start":{},"end":{}}]},"37":{"loc":{"start":{"line":455,"column":22},"end":{"line":455,"column":43}},"type":"binary-expr","locations":[{"start":{"line":455,"column":22},"end":{"line":455,"column":37}},{"start":{"line":455,"column":41},"end":{"line":455,"column":43}}]},"38":{"loc":{"start":{"line":456,"column":21},"end":{"line":456,"column":112}},"type":"binary-expr","locations":[{"start":{"line":456,"column":21},"end":{"line":456,"column":35}},{"start":{"line":456,"column":39},"end":{"line":456,"column":112}}]},"39":{"loc":{"start":{"line":456,"column":46},"end":{"line":456,"column":93}},"type":"binary-expr","locations":[{"start":{"line":456,"column":46},"end":{"line":456,"column":63}},{"start":{"line":456,"column":67},"end":{"line":456,"column":93}}]},"40":{"loc":{"start":{"line":476,"column":32},"end":{"line":476,"column":86}},"type":"binary-expr","locations":[{"start":{"line":476,"column":32},"end":{"line":476,"column":46}},{"start":{"line":476,"column":50},"end":{"line":476,"column":86}}]},"41":{"loc":{"start":{"line":480,"column":30},"end":{"line":480,"column":50}},"type":"binary-expr","locations":[{"start":{"line":480,"column":30},"end":{"line":480,"column":43}},{"start":{"line":480,"column":47},"end":{"line":480,"column":50}}]},"42":{"loc":{"start":{"line":481,"column":28},"end":{"line":481,"column":66}},"type":"binary-expr","locations":[{"start":{"line":481,"column":28},"end":{"line":481,"column":39}},{"start":{"line":481,"column":43},"end":{"line":481,"column":66}}]},"43":{"loc":{"start":{"line":488,"column":12},"end":{"line":488,"column":40}},"type":"binary-expr","locations":[{"start":{"line":488,"column":12},"end":{"line":488,"column":34}},{"start":{"line":488,"column":38},"end":{"line":488,"column":40}}]},"44":{"loc":{"start":{"line":506,"column":22},"end":{"line":506,"column":43}},"type":"binary-expr","locations":[{"start":{"line":506,"column":22},"end":{"line":506,"column":37}},{"start":{"line":506,"column":41},"end":{"line":506,"column":43}}]},"45":{"loc":{"start":{"line":507,"column":28},"end":{"line":507,"column":75}},"type":"binary-expr","locations":[{"start":{"line":507,"column":28},"end":{"line":507,"column":45}},{"start":{"line":507,"column":49},"end":{"line":507,"column":75}}]},"46":{"loc":{"start":{"line":577,"column":23},"end":{"line":577,"column":66}},"type":"binary-expr","locations":[{"start":{"line":577,"column":23},"end":{"line":577,"column":47}},{"start":{"line":577,"column":51},"end":{"line":577,"column":66}}]},"47":{"loc":{"start":{"line":579,"column":4},"end":{"line":584,"column":5}},"type":"if","locations":[{"start":{"line":579,"column":4},"end":{"line":584,"column":5}},{"start":{},"end":{}}]},"48":{"loc":{"start":{"line":579,"column":8},"end":{"line":579,"column":84}},"type":"binary-expr","locations":[{"start":{"line":579,"column":8},"end":{"line":579,"column":18}},{"start":{"line":579,"column":22},"end":{"line":579,"column":53}},{"start":{"line":579,"column":57},"end":{"line":579,"column":84}}]},"49":{"loc":{"start":{"line":586,"column":4},"end":{"line":591,"column":5}},"type":"if","locations":[{"start":{"line":586,"column":4},"end":{"line":591,"column":5}},{"start":{},"end":{}}]},"50":{"loc":{"start":{"line":593,"column":4},"end":{"line":600,"column":5}},"type":"if","locations":[{"start":{"line":593,"column":4},"end":{"line":600,"column":5}},{"start":{},"end":{}}]},"51":{"loc":{"start":{"line":602,"column":29},"end":{"line":602,"column":50}},"type":"binary-expr","locations":[{"start":{"line":602,"column":29},"end":{"line":602,"column":44}},{"start":{"line":602,"column":48},"end":{"line":602,"column":50}}]},"52":{"loc":{"start":{"line":603,"column":4},"end":{"line":608,"column":5}},"type":"if","locations":[{"start":{"line":603,"column":4},"end":{"line":608,"column":5}},{"start":{},"end":{}}]},"53":{"loc":{"start":{"line":610,"column":31},"end":{"line":610,"column":71}},"type":"cond-expr","locations":[{"start":{"line":610,"column":58},"end":{"line":610,"column":63}},{"start":{"line":610,"column":66},"end":{"line":610,"column":71}}]},"54":{"loc":{"start":{"line":611,"column":4},"end":{"line":615,"column":5}},"type":"if","locations":[{"start":{"line":611,"column":4},"end":{"line":615,"column":5}},{"start":{"line":613,"column":11},"end":{"line":615,"column":5}}]},"55":{"loc":{"start":{"line":617,"column":28},"end":{"line":617,"column":49}},"type":"binary-expr","locations":[{"start":{"line":617,"column":28},"end":{"line":617,"column":43}},{"start":{"line":617,"column":47},"end":{"line":617,"column":49}}]},"56":{"loc":{"start":{"line":622,"column":10},"end":{"line":622,"column":95}},"type":"cond-expr","locations":[{"start":{"line":622,"column":60},"end":{"line":622,"column":90}},{"start":{"line":622,"column":93},"end":{"line":622,"column":95}}]},"57":{"loc":{"start":{"line":622,"column":10},"end":{"line":622,"column":57}},"type":"binary-expr","locations":[{"start":{"line":622,"column":10},"end":{"line":622,"column":38}},{"start":{"line":622,"column":42},"end":{"line":622,"column":57}}]},"58":{"loc":{"start":{"line":654,"column":22},"end":{"line":654,"column":43}},"type":"binary-expr","locations":[{"start":{"line":654,"column":22},"end":{"line":654,"column":37}},{"start":{"line":654,"column":41},"end":{"line":654,"column":43}}]},"59":{"loc":{"start":{"line":659,"column":22},"end":{"line":659,"column":53}},"type":"binary-expr","locations":[{"start":{"line":659,"column":22},"end":{"line":659,"column":45}},{"start":{"line":659,"column":49},"end":{"line":659,"column":53}}]},"60":{"loc":{"start":{"line":700,"column":4},"end":{"line":705,"column":5}},"type":"if","locations":[{"start":{"line":700,"column":4},"end":{"line":705,"column":5}},{"start":{},"end":{}}]},"61":{"loc":{"start":{"line":700,"column":8},"end":{"line":700,"column":34}},"type":"binary-expr","locations":[{"start":{"line":700,"column":8},"end":{"line":700,"column":15}},{"start":{"line":700,"column":19},"end":{"line":700,"column":34}}]},"62":{"loc":{"start":{"line":708,"column":4},"end":{"line":713,"column":5}},"type":"if","locations":[{"start":{"line":708,"column":4},"end":{"line":713,"column":5}},{"start":{},"end":{}}]},"63":{"loc":{"start":{"line":726,"column":4},"end":{"line":731,"column":5}},"type":"if","locations":[{"start":{"line":726,"column":4},"end":{"line":731,"column":5}},{"start":{},"end":{}}]},"64":{"loc":{"start":{"line":726,"column":8},"end":{"line":726,"column":34}},"type":"binary-expr","locations":[{"start":{"line":726,"column":8},"end":{"line":726,"column":15}},{"start":{"line":726,"column":19},"end":{"line":726,"column":34}}]},"65":{"loc":{"start":{"line":734,"column":4},"end":{"line":739,"column":5}},"type":"if","locations":[{"start":{"line":734,"column":4},"end":{"line":739,"column":5}},{"start":{},"end":{}}]},"66":{"loc":{"start":{"line":762,"column":4},"end":{"line":767,"column":5}},"type":"if","locations":[{"start":{"line":762,"column":4},"end":{"line":767,"column":5}},{"start":{},"end":{}}]},"67":{"loc":{"start":{"line":764,"column":6},"end":{"line":766,"column":7}},"type":"if","locations":[{"start":{"line":764,"column":6},"end":{"line":766,"column":7}},{"start":{},"end":{}}]},"68":{"loc":{"start":{"line":764,"column":10},"end":{"line":764,"column":48}},"type":"binary-expr","locations":[{"start":{"line":764,"column":10},"end":{"line":764,"column":18}},{"start":{"line":764,"column":22},"end":{"line":764,"column":48}}]},"69":{"loc":{"start":{"line":772,"column":22},"end":{"line":772,"column":43}},"type":"binary-expr","locations":[{"start":{"line":772,"column":22},"end":{"line":772,"column":37}},{"start":{"line":772,"column":41},"end":{"line":772,"column":43}}]},"70":{"loc":{"start":{"line":773,"column":34},"end":{"line":773,"column":57}},"type":"binary-expr","locations":[{"start":{"line":773,"column":34},"end":{"line":773,"column":51}},{"start":{"line":773,"column":55},"end":{"line":773,"column":57}}]},"71":{"loc":{"start":{"line":774,"column":4},"end":{"line":779,"column":5}},"type":"if","locations":[{"start":{"line":774,"column":4},"end":{"line":779,"column":5}},{"start":{},"end":{}}]},"72":{"loc":{"start":{"line":774,"column":8},"end":{"line":774,"column":59}},"type":"binary-expr","locations":[{"start":{"line":774,"column":8},"end":{"line":774,"column":22}},{"start":{"line":774,"column":26},"end":{"line":774,"column":59}}]},"73":{"loc":{"start":{"line":842,"column":17},"end":{"line":842,"column":38}},"type":"binary-expr","locations":[{"start":{"line":842,"column":17},"end":{"line":842,"column":32}},{"start":{"line":842,"column":36},"end":{"line":842,"column":38}}]},"74":{"loc":{"start":{"line":843,"column":16},"end":{"line":843,"column":36}},"type":"binary-expr","locations":[{"start":{"line":843,"column":16},"end":{"line":843,"column":30}},{"start":{"line":843,"column":34},"end":{"line":843,"column":36}}]},"75":{"loc":{"start":{"line":849,"column":21},"end":{"line":849,"column":136}},"type":"cond-expr","locations":[{"start":{"line":849,"column":59},"end":{"line":849,"column":67}},{"start":{"line":849,"column":70},"end":{"line":849,"column":136}}]},"76":{"loc":{"start":{"line":849,"column":70},"end":{"line":849,"column":136}},"type":"cond-expr","locations":[{"start":{"line":849,"column":111},"end":{"line":849,"column":122}},{"start":{"line":849,"column":125},"end":{"line":849,"column":136}}]},"77":{"loc":{"start":{"line":850,"column":33},"end":{"line":850,"column":63}},"type":"binary-expr","locations":[{"start":{"line":850,"column":33},"end":{"line":850,"column":57}},{"start":{"line":850,"column":61},"end":{"line":850,"column":63}}]},"78":{"loc":{"start":{"line":851,"column":26},"end":{"line":855,"column":14}},"type":"cond-expr","locations":[{"start":{"line":852,"column":10},"end":{"line":852,"column":67}},{"start":{"line":853,"column":10},"end":{"line":855,"column":14}}]},"79":{"loc":{"start":{"line":853,"column":10},"end":{"line":855,"column":14}},"type":"cond-expr","locations":[{"start":{"line":854,"column":12},"end":{"line":854,"column":36}},{"start":{"line":855,"column":12},"end":{"line":855,"column":14}}]},"80":{"loc":{"start":{"line":860,"column":16},"end":{"line":860,"column":58}},"type":"cond-expr","locations":[{"start":{"line":860,"column":38},"end":{"line":860,"column":46}},{"start":{"line":860,"column":49},"end":{"line":860,"column":58}}]},"81":{"loc":{"start":{"line":866,"column":19},"end":{"line":866,"column":71}},"type":"cond-expr","locations":[{"start":{"line":866,"column":41},"end":{"line":866,"column":59}},{"start":{"line":866,"column":62},"end":{"line":866,"column":71}}]},"82":{"loc":{"start":{"line":868,"column":14},"end":{"line":868,"column":40}},"type":"binary-expr","locations":[{"start":{"line":868,"column":14},"end":{"line":868,"column":34}},{"start":{"line":868,"column":38},"end":{"line":868,"column":40}}]},"83":{"loc":{"start":{"line":886,"column":41},"end":{"line":886,"column":112}},"type":"cond-expr","locations":[{"start":{"line":886,"column":82},"end":{"line":886,"column":96}},{"start":{"line":886,"column":99},"end":{"line":886,"column":112}}]},"84":{"loc":{"start":{"line":898,"column":22},"end":{"line":898,"column":48}},"type":"binary-expr","locations":[{"start":{"line":898,"column":22},"end":{"line":898,"column":42}},{"start":{"line":898,"column":46},"end":{"line":898,"column":48}}]},"85":{"loc":{"start":{"line":899,"column":4},"end":{"line":901,"column":5}},"type":"if","locations":[{"start":{"line":899,"column":4},"end":{"line":901,"column":5}},{"start":{},"end":{}}]},"86":{"loc":{"start":{"line":899,"column":8},"end":{"line":899,"column":84}},"type":"binary-expr","locations":[{"start":{"line":899,"column":8},"end":{"line":899,"column":39}},{"start":{"line":899,"column":43},"end":{"line":899,"column":84}}]},"87":{"loc":{"start":{"line":906,"column":4},"end":{"line":911,"column":5}},"type":"if","locations":[{"start":{"line":906,"column":4},"end":{"line":911,"column":5}},{"start":{},"end":{}}]},"88":{"loc":{"start":{"line":908,"column":6},"end":{"line":910,"column":7}},"type":"if","locations":[{"start":{"line":908,"column":6},"end":{"line":910,"column":7}},{"start":{},"end":{}}]},"89":{"loc":{"start":{"line":908,"column":10},"end":{"line":908,"column":49}},"type":"binary-expr","locations":[{"start":{"line":908,"column":10},"end":{"line":908,"column":18}},{"start":{"line":908,"column":22},"end":{"line":908,"column":49}}]},"90":{"loc":{"start":{"line":920,"column":18},"end":{"line":920,"column":39}},"type":"binary-expr","locations":[{"start":{"line":920,"column":18},"end":{"line":920,"column":33}},{"start":{"line":920,"column":37},"end":{"line":920,"column":39}}]},"91":{"loc":{"start":{"line":963,"column":21},"end":{"line":963,"column":93}},"type":"cond-expr","locations":[{"start":{"line":963,"column":63},"end":{"line":963,"column":81}},{"start":{"line":963,"column":84},"end":{"line":963,"column":93}}]},"92":{"loc":{"start":{"line":966,"column":16},"end":{"line":966,"column":50}},"type":"cond-expr","locations":[{"start":{"line":966,"column":25},"end":{"line":966,"column":36}},{"start":{"line":966,"column":39},"end":{"line":966,"column":50}}]},"93":{"loc":{"start":{"line":967,"column":18},"end":{"line":967,"column":114}},"type":"cond-expr","locations":[{"start":{"line":967,"column":27},"end":{"line":967,"column":109}},{"start":{"line":967,"column":112},"end":{"line":967,"column":114}}]},"94":{"loc":{"start":{"line":969,"column":14},"end":{"line":969,"column":40}},"type":"binary-expr","locations":[{"start":{"line":969,"column":14},"end":{"line":969,"column":34}},{"start":{"line":969,"column":38},"end":{"line":969,"column":40}}]},"95":{"loc":{"start":{"line":974,"column":41},"end":{"line":974,"column":91}},"type":"cond-expr","locations":[{"start":{"line":974,"column":50},"end":{"line":974,"column":69}},{"start":{"line":974,"column":72},"end":{"line":974,"column":91}}]},"96":{"loc":{"start":{"line":999,"column":4},"end":{"line":1004,"column":5}},"type":"if","locations":[{"start":{"line":999,"column":4},"end":{"line":1004,"column":5}},{"start":{},"end":{}}]},"97":{"loc":{"start":{"line":1001,"column":6},"end":{"line":1003,"column":7}},"type":"if","locations":[{"start":{"line":1001,"column":6},"end":{"line":1003,"column":7}},{"start":{},"end":{}}]},"98":{"loc":{"start":{"line":1001,"column":10},"end":{"line":1001,"column":78}},"type":"binary-expr","locations":[{"start":{"line":1001,"column":10},"end":{"line":1001,"column":18}},{"start":{"line":1001,"column":22},"end":{"line":1001,"column":78}}]},"99":{"loc":{"start":{"line":1013,"column":18},"end":{"line":1013,"column":39}},"type":"binary-expr","locations":[{"start":{"line":1013,"column":18},"end":{"line":1013,"column":33}},{"start":{"line":1013,"column":37},"end":{"line":1013,"column":39}}]},"100":{"loc":{"start":{"line":1057,"column":21},"end":{"line":1057,"column":97}},"type":"cond-expr","locations":[{"start":{"line":1057,"column":65},"end":{"line":1057,"column":85}},{"start":{"line":1057,"column":88},"end":{"line":1057,"column":97}}]},"101":{"loc":{"start":{"line":1060,"column":16},"end":{"line":1060,"column":50}},"type":"cond-expr","locations":[{"start":{"line":1060,"column":25},"end":{"line":1060,"column":36}},{"start":{"line":1060,"column":39},"end":{"line":1060,"column":50}}]},"102":{"loc":{"start":{"line":1061,"column":18},"end":{"line":1061,"column":129}},"type":"cond-expr","locations":[{"start":{"line":1061,"column":27},"end":{"line":1061,"column":124}},{"start":{"line":1061,"column":127},"end":{"line":1061,"column":129}}]},"103":{"loc":{"start":{"line":1063,"column":14},"end":{"line":1063,"column":40}},"type":"binary-expr","locations":[{"start":{"line":1063,"column":14},"end":{"line":1063,"column":34}},{"start":{"line":1063,"column":38},"end":{"line":1063,"column":40}}]},"104":{"loc":{"start":{"line":1068,"column":41},"end":{"line":1068,"column":91}},"type":"cond-expr","locations":[{"start":{"line":1068,"column":50},"end":{"line":1068,"column":69}},{"start":{"line":1068,"column":72},"end":{"line":1068,"column":91}}]},"105":{"loc":{"start":{"line":1097,"column":4},"end":{"line":1102,"column":5}},"type":"if","locations":[{"start":{"line":1097,"column":4},"end":{"line":1102,"column":5}},{"start":{},"end":{}}]},"106":{"loc":{"start":{"line":1104,"column":4},"end":{"line":1109,"column":5}},"type":"if","locations":[{"start":{"line":1104,"column":4},"end":{"line":1109,"column":5}},{"start":{},"end":{}}]},"107":{"loc":{"start":{"line":1112,"column":4},"end":{"line":1117,"column":5}},"type":"if","locations":[{"start":{"line":1112,"column":4},"end":{"line":1117,"column":5}},{"start":{},"end":{}}]},"108":{"loc":{"start":{"line":1112,"column":8},"end":{"line":1112,"column":55}},"type":"binary-expr","locations":[{"start":{"line":1112,"column":8},"end":{"line":1112,"column":14}},{"start":{"line":1112,"column":18},"end":{"line":1112,"column":55}}]},"109":{"loc":{"start":{"line":1124,"column":4},"end":{"line":1129,"column":5}},"type":"if","locations":[{"start":{"line":1124,"column":4},"end":{"line":1129,"column":5}},{"start":{},"end":{}}]},"110":{"loc":{"start":{"line":1124,"column":8},"end":{"line":1124,"column":46}},"type":"binary-expr","locations":[{"start":{"line":1124,"column":8},"end":{"line":1124,"column":21}},{"start":{"line":1124,"column":25},"end":{"line":1124,"column":46}}]},"111":{"loc":{"start":{"line":1132,"column":4},"end":{"line":1137,"column":5}},"type":"if","locations":[{"start":{"line":1132,"column":4},"end":{"line":1137,"column":5}},{"start":{},"end":{}}]},"112":{"loc":{"start":{"line":1146,"column":4},"end":{"line":1151,"column":5}},"type":"if","locations":[{"start":{"line":1146,"column":4},"end":{"line":1151,"column":5}},{"start":{},"end":{}}]},"113":{"loc":{"start":{"line":1153,"column":4},"end":{"line":1158,"column":5}},"type":"if","locations":[{"start":{"line":1153,"column":4},"end":{"line":1158,"column":5}},{"start":{},"end":{}}]},"114":{"loc":{"start":{"line":1160,"column":4},"end":{"line":1165,"column":5}},"type":"if","locations":[{"start":{"line":1160,"column":4},"end":{"line":1165,"column":5}},{"start":{},"end":{}}]},"115":{"loc":{"start":{"line":1168,"column":4},"end":{"line":1173,"column":5}},"type":"if","locations":[{"start":{"line":1168,"column":4},"end":{"line":1173,"column":5}},{"start":{},"end":{}}]},"116":{"loc":{"start":{"line":1174,"column":4},"end":{"line":1179,"column":5}},"type":"if","locations":[{"start":{"line":1174,"column":4},"end":{"line":1179,"column":5}},{"start":{},"end":{}}]},"117":{"loc":{"start":{"line":1174,"column":8},"end":{"line":1174,"column":76}},"type":"binary-expr","locations":[{"start":{"line":1174,"column":8},"end":{"line":1174,"column":21}},{"start":{"line":1174,"column":25},"end":{"line":1174,"column":76}}]},"118":{"loc":{"start":{"line":1181,"column":4},"end":{"line":1186,"column":5}},"type":"if","locations":[{"start":{"line":1181,"column":4},"end":{"line":1186,"column":5}},{"start":{},"end":{}}]},"119":{"loc":{"start":{"line":1190,"column":4},"end":{"line":1195,"column":5}},"type":"if","locations":[{"start":{"line":1190,"column":4},"end":{"line":1195,"column":5}},{"start":{},"end":{}}]},"120":{"loc":{"start":{"line":1199,"column":22},"end":{"line":1199,"column":43}},"type":"binary-expr","locations":[{"start":{"line":1199,"column":22},"end":{"line":1199,"column":37}},{"start":{"line":1199,"column":41},"end":{"line":1199,"column":43}}]},"121":{"loc":{"start":{"line":1200,"column":4},"end":{"line":1205,"column":5}},"type":"if","locations":[{"start":{"line":1200,"column":4},"end":{"line":1205,"column":5}},{"start":{},"end":{}}]},"122":{"loc":{"start":{"line":1209,"column":35},"end":{"line":1209,"column":89}},"type":"binary-expr","locations":[{"start":{"line":1209,"column":35},"end":{"line":1209,"column":83}},{"start":{"line":1209,"column":87},"end":{"line":1209,"column":89}}]},"123":{"loc":{"start":{"line":1209,"column":36},"end":{"line":1209,"column":57}},"type":"binary-expr","locations":[{"start":{"line":1209,"column":36},"end":{"line":1209,"column":51}},{"start":{"line":1209,"column":55},"end":{"line":1209,"column":57}}]},"124":{"loc":{"start":{"line":1210,"column":4},"end":{"line":1215,"column":5}},"type":"if","locations":[{"start":{"line":1210,"column":4},"end":{"line":1215,"column":5}},{"start":{},"end":{}}]},"125":{"loc":{"start":{"line":1210,"column":8},"end":{"line":1210,"column":53}},"type":"binary-expr","locations":[{"start":{"line":1210,"column":8},"end":{"line":1210,"column":22}},{"start":{"line":1210,"column":26},"end":{"line":1210,"column":53}}]},"126":{"loc":{"start":{"line":1221,"column":4},"end":{"line":1226,"column":5}},"type":"if","locations":[{"start":{"line":1221,"column":4},"end":{"line":1226,"column":5}},{"start":{},"end":{}}]},"127":{"loc":{"start":{"line":1228,"column":4},"end":{"line":1233,"column":5}},"type":"if","locations":[{"start":{"line":1228,"column":4},"end":{"line":1233,"column":5}},{"start":{},"end":{}}]},"128":{"loc":{"start":{"line":1228,"column":8},"end":{"line":1228,"column":69}},"type":"binary-expr","locations":[{"start":{"line":1228,"column":8},"end":{"line":1228,"column":23}},{"start":{"line":1228,"column":27},"end":{"line":1228,"column":69}}]},"129":{"loc":{"start":{"line":1243,"column":4},"end":{"line":1248,"column":5}},"type":"if","locations":[{"start":{"line":1243,"column":4},"end":{"line":1248,"column":5}},{"start":{},"end":{}}]},"130":{"loc":{"start":{"line":1250,"column":4},"end":{"line":1255,"column":5}},"type":"if","locations":[{"start":{"line":1250,"column":4},"end":{"line":1255,"column":5}},{"start":{},"end":{}}]},"131":{"loc":{"start":{"line":1250,"column":8},"end":{"line":1250,"column":88}},"type":"binary-expr","locations":[{"start":{"line":1250,"column":8},"end":{"line":1250,"column":23}},{"start":{"line":1250,"column":27},"end":{"line":1250,"column":88}}]},"132":{"loc":{"start":{"line":1261,"column":4},"end":{"line":1263,"column":5}},"type":"if","locations":[{"start":{"line":1261,"column":4},"end":{"line":1263,"column":5}},{"start":{},"end":{}}]},"133":{"loc":{"start":{"line":1268,"column":4},"end":{"line":1268,"column":37}},"type":"if","locations":[{"start":{"line":1268,"column":4},"end":{"line":1268,"column":37}},{"start":{},"end":{}}]},"134":{"loc":{"start":{"line":1269,"column":4},"end":{"line":1271,"column":5}},"type":"if","locations":[{"start":{"line":1269,"column":4},"end":{"line":1271,"column":5}},{"start":{},"end":{}}]},"135":{"loc":{"start":{"line":1273,"column":28},"end":{"line":1273,"column":52}},"type":"cond-expr","locations":[{"start":{"line":1273,"column":36},"end":{"line":1273,"column":41}},{"start":{"line":1273,"column":44},"end":{"line":1273,"column":52}}]},"136":{"loc":{"start":{"line":1279,"column":6},"end":{"line":1281,"column":7}},"type":"if","locations":[{"start":{"line":1279,"column":6},"end":{"line":1281,"column":7}},{"start":{},"end":{}}]},"137":{"loc":{"start":{"line":1290,"column":4},"end":{"line":1292,"column":5}},"type":"if","locations":[{"start":{"line":1290,"column":4},"end":{"line":1292,"column":5}},{"start":{},"end":{}}]},"138":{"loc":{"start":{"line":1294,"column":4},"end":{"line":1296,"column":5}},"type":"if","locations":[{"start":{"line":1294,"column":4},"end":{"line":1296,"column":5}},{"start":{},"end":{}}]},"139":{"loc":{"start":{"line":1325,"column":4},"end":{"line":1328,"column":5}},"type":"if","locations":[{"start":{"line":1325,"column":4},"end":{"line":1328,"column":5}},{"start":{},"end":{}}]},"140":{"loc":{"start":{"line":1331,"column":4},"end":{"line":1333,"column":5}},"type":"if","locations":[{"start":{"line":1331,"column":4},"end":{"line":1333,"column":5}},{"start":{},"end":{}}]},"141":{"loc":{"start":{"line":1356,"column":8},"end":{"line":1358,"column":9}},"type":"if","locations":[{"start":{"line":1356,"column":8},"end":{"line":1358,"column":9}},{"start":{},"end":{}}]},"142":{"loc":{"start":{"line":1366,"column":26},"end":{"line":1366,"column":54}},"type":"binary-expr","locations":[{"start":{"line":1366,"column":26},"end":{"line":1366,"column":49}},{"start":{"line":1366,"column":53},"end":{"line":1366,"column":54}}]},"143":{"loc":{"start":{"line":1367,"column":24},"end":{"line":1367,"column":41}},"type":"binary-expr","locations":[{"start":{"line":1367,"column":24},"end":{"line":1367,"column":35}},{"start":{"line":1367,"column":39},"end":{"line":1367,"column":41}}]},"144":{"loc":{"start":{"line":1368,"column":11},"end":{"line":1368,"column":69}},"type":"binary-expr","locations"
[...]
29":0,"330":0,"331":0,"332":5,"333":0,"334":0,"335":0,"336":0,"337":5,"338":5,"339":0,"340":0,"341":0,"342":0,"343":5,"344":9,"345":9,"346":0,"347":0,"348":0,"349":0,"350":9,"351":9,"352":0,"353":0,"354":0,"355":0,"356":9,"357":9,"358":9,"359":1,"360":1,"361":1,"362":1,"363":8,"364":0,"365":0,"366":0,"367":0,"368":8,"369":0,"370":0,"371":0,"372":0,"373":8,"374":16,"375":8,"376":0,"377":0,"378":0,"379":0,"380":8,"381":0,"382":0,"383":0,"384":0,"385":8,"386":16,"387":0,"388":0,"389":0,"390":0,"391":8,"392":8,"393":8,"394":1,"395":1,"396":1,"397":1,"398":8,"399":8,"400":3,"401":3,"402":3,"403":3,"404":1,"405":1,"406":0,"407":0,"408":0,"409":0,"410":1,"411":1,"412":1,"413":0,"414":0,"415":0,"416":0,"417":1,"418":0,"419":0,"420":0,"421":0,"422":5,"423":1,"424":1,"425":1,"426":1,"427":4,"428":0,"429":0,"430":0,"431":0,"432":4,"433":2,"434":1,"435":1,"436":1,"437":1,"438":2,"439":2,"440":0,"441":2,"442":0,"443":2,"444":2,"445":2,"446":2,"447":2,"448":1,"449":1,"450":1,"451":4,"452":4,"453":1,"454":3,"455":1,"456":2,"457":1,"458":1,"459":1,"460":1,"461":0,"462":4,"463":4,"464":4,"465":4,"466":2,"467":0,"468":0,"469":2,"470":2,"471":0,"472":3,"473":3,"474":6,"475":6,"476":4,"477":4,"478":0,"479":1,"480":4,"481":4,"482":4,"483":2,"484":2,"485":2,"486":2,"487":0,"488":2,"489":1,"490":1,"491":0,"492":1,"493":0,"494":1,"495":1,"496":1,"497":1,"498":1,"499":1,"500":1,"501":1,"502":1,"503":0,"504":0,"505":0,"506":0,"507":0,"508":0,"509":0,"510":0,"511":0,"512":0,"513":0,"514":0,"515":0,"516":0,"517":0,"518":33,"519":33,"520":0,"521":0,"522":0,"523":0,"524":1},"f":{"0":24,"1":9,"2":16,"3":0,"4":19,"5":6,"6":3,"7":3,"8":2,"9":1,"10":2,"11":1,"12":7,"13":0,"14":0,"15":0,"16":0,"17":0,"18":0,"19":7,"20":0,"21":2,"22":5,"23":1,"24":0,"25":0,"26":1,"27":0,"28":0,"29":0,"30":5,"31":9,"32":9,"33":16,"34":16,"35":8,"36":1,"37":1,"38":5,"39":2,"40":2,"41":4,"42":1,"43":4,"44":2,"45":3,"46":4,"47":2,"48":1,"49":0,"50":0,"51":33},"b":{"0":[23],"1":[0,9],"2":[0,0],"3":[0,0],"4":[0,0],"5":[0,0,0],"6":[0,0],"7":[0,0],"8":[0,0],"9":[0,0],"10":[0,19],"11":[0,19],"12":[6,1],"13":[3,1],"14":[1,2],"15":[0,0],"16":[2,0],"17":[0,2],"18":[2,2],"19":[2,2],"20":[1,2],"21":[2,0],"22":[1,1],"23":[0,1],"24":[1,1],"25":[2,0],"26":[0,0],"27":[0,0],"28":[0,0],"29":[1,1],"30":[1,0],"31":[2,0,0],"32":[0,2],"33":[2,0],"34":[1,1],"35":[2,1],"36":[1,1],"37":[1,0],"38":[1,0],"39":[0,0],"40":[0,0],"41":[0,0],"42":[0,0],"43":[1,0],"44":[2,0],"45":[2,0],"46":[7,0],"47":[0,7],"48":[7,7,7],"49":[0,7],"50":[0,7],"51":[7,1],"52":[1,6],"53":[5,1],"54":[1,5],"55":[1,0],"56":[0,1],"57":[1,0],"58":[0,0],"59":[0,0],"60":[0,0],"61":[0,0],"62":[0,0],"63":[0,0],"64":[0,0],"65":[0,0],"66":[1,6],"67":[1,0],"68":[1,1],"69":[5,0],"70":[5,0],"71":[0,5],"72":[5,5],"73":[2,0],"74":[2,0],"75":[0,2],"76":[0,2],"77":[2,2],"78":[0,2],"79":[2,0],"80":[0,2],"81":[0,2],"82":[2,0],"83":[0,2],"84":[5,5],"85":[0,5],"86":[5,2],"87":[0,1],"88":[0,0],"89":[0,0],"90":[0,0],"91":[0,0],"92":[0,0],"93":[0,0],"94":[0,0],"95":[0,0],"96":[0,1],"97":[0,0],"98":[0,0],"99":[0,0],"100":[0,0],"101":[0,0],"102":[0,0],"103":[0,0],"104":[0,0],"105":[0,5],"106":[0,5],"107":[0,5],"108":[5,5],"109":[0,9],"110":[9,9],"111":[0,9],"112":[1,8],"113":[0,8],"114":[0,8],"115":[0,8],"116":[0,8],"117":[8,8],"118":[0,8],"119":[1,7],"120":[8,0],"121":[3,5],"122":[1,0],"123":[1,0],"124":[0,1],"125":[1,1],"126":[0,1],"127":[0,1],"128":[1,1],"129":[1,4],"130":[0,4],"131":[4,0],"132":[1,0],"133":[0,2],"134":[0,2],"135":[1,1],"136":[1,1],"137":[1,3],"138":[1,2],"139":[0,2],"140":[0,2],"141":[0,4],"142":[4,4],"143":[4,0],"144":[4,0,0],"145":[2,0],"146":[2,2],"147":[2,0],"148":[0,2],"149":[1,1],"150":[2,1],"151":[0,1],"152":[1,1],"153":[0,1],"154":[0,0],"155":[0,0],"156":[0,0],"157":[0,0],"158":[0,0],"159":[0,0],"160":[0,0],"161":[0,0,0],"162":[0,0],"163":[0,0],"164":[11,22],"165":[0,33],"166":[33,11]}}
,"/home/inteli/Área de trabalho/projects/panorama/panorama-block-backend/bridge-service/src/interfaces/http/controllers/PanoramaV1Controller.ts": {"path":"/home/inteli/Área de trabalho/projects/panorama/panorama-block-backend/bridge-service/src/interfaces/http/controllers/PanoramaV1Controller.ts","statementMap":{"0":{"start":{"line":2,"column":0},"end":{"line":2,"column":24}},"1":{"start":{"line":5,"column":27},"end":{"line":11,"column":2}},"2":{"start":{"line":13,"column":33},"end":{"line":19,"column":2}},"3":{"start":{"line":21,"column":25},"end":{"line":29,"column":2}},"4":{"start":{"line":31,"column":36},"end":{"line":41,"column":2}},"5":{"start":{"line":43,"column":27},"end":{"line":51,"column":2}},"6":{"start":{"line":53,"column":30},"end":{"line":58,"column":2}},"7":{"start":{"line":60,"column":25},"end":{"line":74,"column":2}},"8":{"start":{"line":76,"column":26},"end":{"line":87,"column":2}},"9":{"start":{"line":89,"column":28},"end":{"line":101,"column":2}},"10":{"start":{"line":103,"column":28},"end":{"line":107,"column":2}},"11":{"start":{"line":111,"column":21},"end":{"line":111,"column":47}},"12":{"start":{"line":112,"column":21},"end":{"line":112,"column":65}},"13":{"start":{"line":116,"column":19},"end":{"line":116,"column":71}},"14":{"start":{"line":117,"column":4},"end":{"line":122,"column":5}},"15":{"start":{"line":118,"column":20},"end":{"line":118,"column":100}},"16":{"start":{"line":119,"column":6},"end":{"line":119,"column":25}},"17":{"start":{"line":120,"column":6},"end":{"line":120,"column":34}},"18":{"start":{"line":121,"column":6},"end":{"line":121,"column":18}},"19":{"start":{"line":123,"column":4},"end":{"line":123,"column":18}},"20":{"start":{"line":127,"column":19},"end":{"line":127,"column":51}},"21":{"start":{"line":128,"column":4},"end":{"line":128,"column":94}},"22":{"start":{"line":132,"column":4},"end":{"line":141,"column":5}},"23":{"start":{"line":133,"column":21},"end":{"line":133,"column":44}},"24":{"start":{"line":134,"column":22},"end":{"line":136,"column":24}},"25":{"start":{"line":137,"column":21},"end":{"line":137,"column":76}},"26":{"start":{"line":138,"column":6},"end":{"line":138,"column":60}},"27":{"start":{"line":140,"column":6},"end":{"line":140,"column":18}},"28":{"start":{"line":145,"column":4},"end":{"line":152,"column":5}},"29":{"start":{"line":146,"column":21},"end":{"line":146,"column":44}},"30":{"start":{"line":147,"column":22},"end":{"line":147,"column":62}},"31":{"start":{"line":148,"column":21},"end":{"line":148,"column":82}},"32":{"start":{"line":149,"column":6},"end":{"line":149,"column":60}},"33":{"start":{"line":151,"column":6},"end":{"line":151,"column":18}},"34":{"start":{"line":156,"column":4},"end":{"line":165,"column":5}},"35":{"start":{"line":157,"column":21},"end":{"line":157,"column":44}},"36":{"start":{"line":158,"column":22},"end":{"line":160,"column":24}},"37":{"start":{"line":161,"column":21},"end":{"line":161,"column":74}},"38":{"start":{"line":162,"column":6},"end":{"line":162,"column":60}},"39":{"start":{"line":164,"column":6},"end":{"line":164,"column":18}},"40":{"start":{"line":169,"column":4},"end":{"line":176,"column":5}},"41":{"start":{"line":170,"column":21},"end":{"line":170,"column":44}},"42":{"start":{"line":171,"column":23},"end":{"line":171,"column":61}},"43":{"start":{"line":172,"column":21},"end":{"line":172,"column":74}},"44":{"start":{"line":173,"column":6},"end":{"line":173,"column":60}},"45":{"start":{"line":175,"column":6},"end":{"line":175,"column":18}},"46":{"start":{"line":180,"column":4},"end":{"line":188,"column":5}},"47":{"start":{"line":181,"column":21},"end":{"line":181,"column":44}},"48":{"start":{"line":182,"column":23},"end":{"line":182,"column":61}},"49":{"start":{"line":183,"column":22},"end":{"line":183,"column":65}},"50":{"start":{"line":184,"column":21},"end":{"line":184,"column":95}},"51":{"start":{"line":185,"column":6},"end":{"line":185,"column":60}},"52":{"start":{"line":187,"column":6},"end":{"line":187,"column":18}},"53":{"start":{"line":192,"column":4},"end":{"line":199,"column":5}},"54":{"start":{"line":193,"column":21},"end":{"line":193,"column":44}},"55":{"start":{"line":194,"column":23},"end":{"line":194,"column":61}},"56":{"start":{"line":195,"column":21},"end":{"line":195,"column":83}},"57":{"start":{"line":196,"column":6},"end":{"line":196,"column":60}},"58":{"start":{"line":198,"column":6},"end":{"line":198,"column":18}},"59":{"start":{"line":203,"column":4},"end":{"line":211,"column":5}},"60":{"start":{"line":204,"column":21},"end":{"line":204,"column":44}},"61":{"start":{"line":205,"column":23},"end":{"line":205,"column":61}},"62":{"start":{"line":206,"column":22},"end":{"line":206,"column":59}},"63":{"start":{"line":207,"column":21},"end":{"line":207,"column":82}},"64":{"start":{"line":208,"column":6},"end":{"line":208,"column":60}},"65":{"start":{"line":210,"column":6},"end":{"line":210,"column":18}},"66":{"start":{"line":215,"column":4},"end":{"line":222,"column":5}},"67":{"start":{"line":216,"column":21},"end":{"line":216,"column":44}},"68":{"start":{"line":217,"column":23},"end":{"line":217,"column":61}},"69":{"start":{"line":218,"column":21},"end":{"line":218,"column":76}},"70":{"start":{"line":219,"column":6},"end":{"line":219,"column":60}},"71":{"start":{"line":221,"column":6},"end":{"line":221,"column":18}},"72":{"start":{"line":226,"column":4},"end":{"line":233,"column":5}},"73":{"start":{"line":227,"column":21},"end":{"line":227,"column":44}},"74":{"start":{"line":228,"column":22},"end":{"line":228,"column":56}},"75":{"start":{"line":229,"column":21},"end":{"line":229,"column":76}},"76":{"start":{"line":230,"column":6},"end":{"line":230,"column":60}},"77":{"start":{"line":232,"column":6},"end":{"line":232,"column":18}},"78":{"start":{"line":237,"column":4},"end":{"line":244,"column":5}},"79":{"start":{"line":238,"column":21},"end":{"line":238,"column":44}},"80":{"start":{"line":239,"column":23},"end":{"line":239,"column":61}},"81":{"start":{"line":240,"column":21},"end":{"line":240,"column":71}},"82":{"start":{"line":241,"column":6},"end":{"line":241,"column":60}},"83":{"start":{"line":243,"column":6},"end":{"line":243,"column":18}},"84":{"start":{"line":248,"column":4},"end":{"line":255,"column":5}},"85":{"start":{"line":249,"column":21},"end":{"line":249,"column":44}},"86":{"start":{"line":250,"column":23},"end":{"line":250,"column":61}},"87":{"start":{"line":251,"column":21},"end":{"line":251,"column":70}},"88":{"start":{"line":252,"column":6},"end":{"line":252,"column":60}},"89":{"start":{"line":254,"column":6},"end":{"line":254,"column":18}},"90":{"start":{"line":259,"column":4},"end":{"line":270,"column":5}},"91":{"start":{"line":260,"column":21},"end":{"line":260,"column":44}},"92":{"start":{"line":261,"column":22},"end":{"line":261,"column":54}},"93":{"start":{"line":262,"column":21},"end":{"line":266,"column":8}},"94":{"start":{"line":267,"column":6},"end":{"line":267,"column":60}},"95":{"start":{"line":269,"column":6},"end":{"line":269,"column":18}},"96":{"start":{"line":274,"column":4},"end":{"line":281,"column":5}},"97":{"start":{"line":275,"column":21},"end":{"line":275,"column":44}},"98":{"start":{"line":276,"column":21},"end":{"line":276,"column":59}},"99":{"start":{"line":277,"column":21},"end":{"line":277,"column":63}},"100":{"start":{"line":278,"column":6},"end":{"line":278,"column":60}},"101":{"start":{"line":280,"column":6},"end":{"line":280,"column":18}},"102":{"start":{"line":285,"column":4},"end":{"line":296,"column":5}},"103":{"start":{"line":286,"column":21},"end":{"line":286,"column":44}},"104":{"start":{"line":287,"column":22},"end":{"line":287,"column":55}},"105":{"start":{"line":288,"column":21},"end":{"line":292,"column":8}},"106":{"start":{"line":293,"column":6},"end":{"line":293,"column":60}},"107":{"start":{"line":295,"column":6},"end":{"line":295,"column":18}},"108":{"start":{"line":300,"column":4},"end":{"line":307,"column":5}},"109":{"start":{"line":301,"column":21},"end":{"line":301,"column":44}},"110":{"start":{"line":302,"column":26},"end":{"line":302,"column":64}},"111":{"start":{"line":303,"column":21},"end":{"line":303,"column":69}},"112":{"start":{"line":304,"column":6},"end":{"line":304,"column":60}},"113":{"start":{"line":306,"column":6},"end":{"line":306,"column":18}},"114":{"start":{"line":311,"column":4},"end":{"line":317,"column":5}},"115":{"start":{"line":312,"column":21},"end":{"line":312,"column":44}},"116":{"start":{"line":313,"column":21},"end":{"line":313,"column":65}},"117":{"start":{"line":314,"column":6},"end":{"line":314,"column":60}},"118":{"start":{"line":316,"column":6},"end":{"line":316,"column":18}},"119":{"start":{"line":321,"column":4},"end":{"line":332,"column":5}},"120":{"start":{"line":322,"column":21},"end":{"line":322,"column":44}},"121":{"start":{"line":323,"column":22},"end":{"line":323,"column":57}},"122":{"start":{"line":324,"column":21},"end":{"line":328,"column":8}},"123":{"start":{"line":329,"column":6},"end":{"line":329,"column":60}},"124":{"start":{"line":331,"column":6},"end":{"line":331,"column":18}},"125":{"start":{"line":336,"column":4},"end":{"line":343,"column":5}},"126":{"start":{"line":337,"column":21},"end":{"line":337,"column":44}},"127":{"start":{"line":338,"column":26},"end":{"line":338,"column":64}},"128":{"start":{"line":339,"column":21},"end":{"line":339,"column":80}},"129":{"start":{"line":340,"column":6},"end":{"line":340,"column":60}},"130":{"start":{"line":342,"column":6},"end":{"line":342,"column":18}},"131":{"start":{"line":347,"column":4},"end":{"line":354,"column":5}},"132":{"start":{"line":348,"column":21},"end":{"line":348,"column":44}},"133":{"start":{"line":349,"column":22},"end":{"line":349,"column":57}},"134":{"start":{"line":350,"column":21},"end":{"line":350,"column":79}},"135":{"start":{"line":351,"column":6},"end":{"line":351,"column":60}},"136":{"start":{"line":353,"column":6},"end":{"line":353,"column":18}},"137":{"start":{"line":109,"column":0},"end":{"line":109,"column":13}}},"fnMap":{"0":{"name":"(anonymous_0)","decl":{"start":{"line":110,"column":2},"end":{"line":110,"column":null}},"loc":{"start":{"line":112,"column":70},"end":{"line":113,"column":6}}},"1":{"name":"(anonymous_1)","decl":{"start":{"line":115,"column":10},"end":{"line":115,"column":23}},"loc":{"start":{"line":115,"column":36},"end":{"line":124,"column":3}}},"2":{"name":"(anonymous_2)","decl":{"start":{"line":126,"column":10},"end":{"line":126,"column":27}},"loc":{"start":{"line":126,"column":40},"end":{"line":129,"column":3}}},"3":{"name":"(anonymous_3)","decl":{"start":{"line":131,"column":2},"end":{"line":131,"column":7}},"loc":{"start":{"line":131,"column":68},"end":{"line":142,"column":3}}},"4":{"name":"(anonymous_4)","decl":{"start":{"line":144,"column":2},"end":{"line":144,"column":7}},"loc":{"start":{"line":144,"column":74},"end":{"line":153,"column":3}}},"5":{"name":"(anonymous_5)","decl":{"start":{"line":155,"column":2},"end":{"line":155,"column":7}},"loc":{"start":{"line":155,"column":66},"end":{"line":166,"column":3}}},"6":{"name":"(anonymous_6)","decl":{"start":{"line":168,"column":2},"end":{"line":168,"column":7}},"loc":{"start":{"line":168,"column":72},"end":{"line":177,"column":3}}},"7":{"name":"(anonymous_7)","decl":{"start":{"line":179,"column":2},"end":{"line":179,"column":7}},"loc":{"start":{"line":179,"column":77},"end":{"line":189,"column":3}}},"8":{"name":"(anonymous_8)","decl":{"start":{"line":191,"column":2},"end":{"line":191,"column":7}},"loc":{"start":{"line":191,"column":81},"end":{"line":200,"column":3}}},"9":{"name":"(anonymous_9)","decl":{"start":{"line":202,"column":2},"end":{"line":202,"column":7}},"loc":{"start":{"line":202,"column":71},"end":{"line":212,"column":3}}},"10":{"name":"(anonymous_10)","decl":{"start":{"line":214,"column":2},"end":{"line":214,"column":7}},"loc":{"start":{"line":214,"column":74},"end":{"line":223,"column":3}}},"11":{"name":"(anonymous_11)","decl":{"start":{"line":225,"column":2},"end":{"line":225,"column":7}},"loc":{"start":{"line":225,"column":68},"end":{"line":234,"column":3}}},"12":{"name":"(anonymous_12)","decl":{"start":{"line":236,"column":2},"end":{"line":236,"column":7}},"loc":{"start":{"line":236,"column":69},"end":{"line":245,"column":3}}},"13":{"name":"(anonymous_13)","decl":{"start":{"line":247,"column":2},"end":{"line":247,"column":7}},"loc":{"start":{"line":247,"column":68},"end":{"line":256,"column":3}}},"14":{"name":"(anonymous_14)","decl":{"start":{"line":258,"column":2},"end":{"line":258,"column":7}},"loc":{"start":{"line":258,"column":66},"end":{"line":271,"column":3}}},"15":{"name":"(anonymous_15)","decl":{"start":{"line":273,"column":2},"end":{"line":273,"column":7}},"loc":{"start":{"line":273,"column":63},"end":{"line":282,"column":3}}},"16":{"name":"(anonymous_16)","decl":{"start":{"line":284,"column":2},"end":{"line":284,"column":7}},"loc":{"start":{"line":284,"column":67},"end":{"line":297,"column":3}}},"17":{"name":"(anonymous_17)","decl":{"start":{"line":299,"column":2},"end":{"line":299,"column":7}},"loc":{"start":{"line":299,"column":64},"end":{"line":308,"column":3}}},"18":{"name":"(anonymous_18)","decl":{"start":{"line":310,"column":2},"end":{"line":310,"column":7}},"loc":{"start":{"line":310,"column":73},"end":{"line":318,"column":3}}},"19":{"name":"(anonymous_19)","decl":{"start":{"line":320,"column":2},"end":{"line":320,"column":7}},"loc":{"start":{"line":320,"column":75},"end":{"line":333,"column":3}}},"20":{"name":"(anonymous_20)","decl":{"start":{"line":335,"column":2},"end":{"line":335,"column":7}},"loc":{"start":{"line":335,"column":75},"end":{"line":344,"column":3}}},"21":{"name":"(anonymous_21)","decl":{"start":{"line":346,"column":2},"end":{"line":346,"column":7}},"loc":{"start":{"line":346,"column":71},"end":{"line":355,"column":3}}}},"branchMap":{"0":{"loc":{"start":{"line":112,"column":21},"end":{"line":112,"column":70}},"type":"default-arg","locations":[{"start":{"line":112,"column":65},"end":{"line":112,"column":70}}]},"1":{"loc":{"start":{"line":116,"column":19},"end":{"line":116,"column":71}},"type":"binary-expr","locations":[{"start":{"line":116,"column":19},"end":{"line":116,"column":31}},{"start":{"line":116,"column":35},"end":{"line":116,"column":71}}]},"2":{"loc":{"start":{"line":117,"column":4},"end":{"line":122,"column":5}},"type":"if","locations":[{"start":{"line":117,"column":4},"end":{"line":122,"column":5}},{"start":{},"end":{}}]},"3":{"loc":{"start":{"line":128,"column":11},"end":{"line":128,"column":93}},"type":"cond-expr","locations":[{"start":{"line":128,"column":68},"end":{"line":128,"column":81}},{"start":{"line":128,"column":84},"end":{"line":128,"column":93}}]},"4":{"loc":{"start":{"line":128,"column":11},"end":{"line":128,"column":65}},"type":"binary-expr","locations":[{"start":{"line":128,"column":11},"end":{"line":128,"column":37}},{"start":{"line":128,"column":41},"end":{"line":128,"column":65}}]}},"s":{"0":1,"1":1,"2":1,"3":1,"4":1,"5":1,"6":1,"7":1,"8":1,"9":1,"10":1,"11":6,"12":6,"13":6,"14":6,"15":1,"16":1,"17":1,"18":1,"19":5,"20":0,"21":0,"22":0,"23":0,"24":0,"25":0,"26":0,"27":0,"28":0,"29":0,"30":0,"31":0,"32":0,"33":0,"34":1,"35":1,"36":1,"37":1,"38":1,"39":0,"40":0,"41":0,"42":0,"43":0,"44":0,"45":0,"46":0,"47":0,"48":0,"49":0,"50":0,"51":0,"52":0,"53":2,"54":2,"55":1,"56":1,"57":1,"58":1,"59":3,"60":3,"61":3,"62":2,"63":1,"64":1,"65":2,"66":0,"67":0,"68":0,"69":0,"70":0,"71":0,"72":0,"73":0,"74":0,"75":0,"76":0,"77":0,"78":0,"79":0,"80":0,"81":0,"82":0,"83":0,"84":0,"85":0,"86":0,"87":0,"88":0,"89":0,"90":0,"91":0,"92":0,"93":0,"94":0,"95":0,"96":0,"97":0,"98":0,"99":0,"100":0,"101":0,"102":0,"103":0,"104":0,"105":0,"106":0,"107":0,"108":0,"109":0,"110":0,"111":0,"112":0,"113":0,"114":0,"115":0,"116":0,"117":0,"118":0,"119":0,"120":0,"121":0,"122":0,"123":0,"124":0,"125":0,"126":0,"127":0,"128":0,"129":0,"130":0,"131":0,"132":0,"133":0,"134":0,"135":0,"136":0,"137":1},"f":{"0":6,"1":6,"2":0,"3":0,"4":0,"5":1,"6":0,"7":0,"8":2,"9":3,"10":0,"11":0,"12":0,"13":0,"14":0,"15":0,"16":0,"17":0,"18":0,"19":0,"20":0,"21":0},"b":{"0":[6],"1":[6,1],"2":[1,5],"3":[0,0],"4":[0,0]}}
}
