TN:
SF:src/application/services/PanoramaV1Service.ts
FN:164,(anonymous_1)
FN:173,(anonymous_2)
FN:184,(anonymous_3)
FN:196,(anonymous_4)
FN:227,(anonymous_5)
FN:247,(anonymous_6)
FN:251,(anonymous_7)
FN:316,(anonymous_8)
FN:386,(anonymous_9)
FN:453,(anonymous_10)
FN:504,(anonymous_11)
FN:526,(anonymous_12)
FN:570,(anonymous_13)
FN:652,(anonymous_14)
FN:663,(anonymous_15)
FN:673,(anonymous_16)
FN:698,(anonymous_17)
FN:724,(anonymous_18)
FN:750,(anonymous_19)
FN:761,(anonymous_20)
FN:852,(anonymous_21)
FN:856,(anonymous_22)
FN:896,(anonymous_23)
FN:905,(anonymous_24)
FN:989,(anonymous_25)
FN:993,(anonymous_26)
FN:998,(anonymous_27)
FN:1083,(anonymous_28)
FN:1087,(anonymous_29)
FN:1091,(anonymous_30)
FN:1095,(anonymous_31)
FN:1122,(anonymous_32)
FN:1142,(anonymous_33)
FN:1167,(anonymous_34)
FN:1181,(anonymous_35)
FN:1198,(anonymous_36)
FN:1208,(anonymous_37)
FN:1218,(anonymous_38)
FN:1236,(anonymous_39)
FN:1266,(anonymous_40)
FN:1276,(anonymous_41)
FN:1288,(anonymous_42)
FN:1301,(anonymous_43)
FN:1311,(anonymous_44)
FN:1318,(anonymous_45)
FN:1336,(anonymous_46)
FN:1365,(anonymous_47)
FN:1371,(anonymous_48)
FN:1392,(anonymous_49)
FN:1421,(anonymous_50)
FN:1443,(anonymous_51)
FN:1448,(anonymous_52)
FNF:52
FNH:37
FNDA:24,(anonymous_1)
FNDA:9,(anonymous_2)
FNDA:16,(anonymous_3)
FNDA:0,(anonymous_4)
FNDA:19,(anonymous_5)
FNDA:6,(anonymous_6)
FNDA:3,(anonymous_7)
FNDA:3,(anonymous_8)
FNDA:2,(anonymous_9)
FNDA:1,(anonymous_10)
FNDA:2,(anonymous_11)
FNDA:1,(anonymous_12)
FNDA:7,(anonymous_13)
FNDA:0,(anonymous_14)
FNDA:0,(anonymous_15)
FNDA:0,(anonymous_16)
FNDA:0,(anonymous_17)
FNDA:0,(anonymous_18)
FNDA:0,(anonymous_19)
FNDA:7,(anonymous_20)
FNDA:0,(anonymous_21)
FNDA:2,(anonymous_22)
FNDA:5,(anonymous_23)
FNDA:1,(anonymous_24)
FNDA:0,(anonymous_25)
FNDA:0,(anonymous_26)
FNDA:1,(anonymous_27)
FNDA:0,(anonymous_28)
FNDA:0,(anonymous_29)
FNDA:0,(anonymous_30)
FNDA:5,(anonymous_31)
FNDA:9,(anonymous_32)
FNDA:9,(anonymous_33)
FNDA:16,(anonymous_34)
FNDA:16,(anonymous_35)
FNDA:8,(anonymous_36)
FNDA:1,(anonymous_37)
FNDA:1,(anonymous_38)
FNDA:5,(anonymous_39)
FNDA:2,(anonymous_40)
FNDA:2,(anonymous_41)
FNDA:4,(anonymous_42)
FNDA:1,(anonymous_43)
FNDA:4,(anonymous_44)
FNDA:2,(anonymous_45)
FNDA:3,(anonymous_46)
FNDA:4,(anonymous_47)
FNDA:2,(anonymous_48)
FNDA:1,(anonymous_49)
FNDA:0,(anonymous_50)
FNDA:0,(anonymous_51)
FNDA:33,(anonymous_52)
DA:1,1
DA:2,1
DA:3,1
DA:163,1
DA:165,24
DA:166,24
DA:167,24
DA:168,24
DA:169,24
DA:170,24
DA:174,9
DA:175,9
DA:176,0
DA:177,0
DA:178,0
DA:179,0
DA:181,9
DA:185,16
DA:186,16
DA:194,16
DA:195,16
DA:197,0
DA:198,0
DA:199,0
DA:201,0
DA:202,0
DA:205,0
DA:206,0
DA:208,0
DA:215,0
DA:216,0
DA:217,0
DA:218,0
DA:222,0
DA:228,19
DA:229,19
DA:230,0
DA:231,0
DA:232,0
DA:233,0
DA:236,19
DA:237,0
DA:238,0
DA:239,0
DA:240,0
DA:243,19
DA:244,19
DA:248,6
DA:252,3
DA:253,3
DA:254,1
DA:258,1
DA:259,1
DA:260,1
DA:262,2
DA:263,2
DA:266,2
DA:267,2
DA:275,0
DA:276,0
DA:277,0
DA:278,0
DA:281,2
DA:282,2
DA:283,0
DA:284,0
DA:285,0
DA:286,0
DA:289,2
DA:305,2
DA:313,2
DA:317,3
DA:318,3
DA:319,1
DA:323,1
DA:324,1
DA:325,1
DA:328,2
DA:329,2
DA:330,1
DA:331,1
DA:332,1
DA:333,1
DA:336,1
DA:337,1
DA:338,1
DA:339,0
DA:340,0
DA:341,0
DA:342,0
DA:345,1
DA:346,1
DA:348,1
DA:366,1
DA:374,1
DA:387,2
DA:388,2
DA:389,2
DA:392,2
DA:393,2
DA:403,0
DA:404,0
DA:405,0
DA:406,0
DA:409,2
DA:410,2
DA:420,2
DA:421,1
DA:422,1
DA:429,1
DA:432,1
DA:433,1
DA:442,1
DA:450,1
DA:454,1
DA:455,1
DA:456,1
DA:457,1
DA:458,1
DA:461,1
DA:462,1
DA:476,0
DA:480,0
DA:481,0
DA:482,0
DA:485,1
DA:493,1
DA:501,1
DA:505,2
DA:506,2
DA:507,2
DA:508,2
DA:509,2
DA:511,2
DA:527,1
DA:528,1
DA:529,1
DA:530,1
DA:532,1
DA:541,1
DA:554,1
DA:561,1
DA:567,1
DA:575,7
DA:576,7
DA:577,7
DA:579,7
DA:580,0
DA:581,0
DA:582,0
DA:583,0
DA:586,7
DA:587,0
DA:588,0
DA:589,0
DA:590,0
DA:593,7
DA:594,0
DA:595,0
DA:596,0
DA:597,0
DA:598,0
DA:599,0
DA:602,7
DA:603,7
DA:604,1
DA:605,1
DA:606,1
DA:607,1
DA:610,6
DA:611,6
DA:612,1
DA:614,5
DA:617,1
DA:618,1
DA:625,1
DA:633,1
DA:634,1
DA:635,1
DA:636,1
DA:638,1
DA:644,1
DA:653,0
DA:654,0
DA:656,0
DA:664,0
DA:665,0
DA:667,0
DA:673,0
DA:682,0
DA:689,0
DA:695,0
DA:699,0
DA:700,0
DA:701,0
DA:702,0
DA:703,0
DA:704,0
DA:707,0
DA:708,0
DA:709,0
DA:710,0
DA:711,0
DA:712,0
DA:715,0
DA:716,0
DA:718,0
DA:719,0
DA:721,0
DA:725,0
DA:726,0
DA:727,0
DA:728,0
DA:729,0
DA:730,0
DA:733,0
DA:734,0
DA:735,0
DA:736,0
DA:737,0
DA:738,0
DA:741,0
DA:742,0
DA:744,0
DA:745,0
DA:747,0
DA:751,0
DA:752,0
DA:762,7
DA:763,1
DA:764,1
DA:765,1
DA:769,6
DA:770,6
DA:772,5
DA:773,5
DA:774,5
DA:775,0
DA:776,0
DA:777,0
DA:778,0
DA:781,5
DA:782,5
DA:790,4
DA:791,4
DA:817,4
DA:818,4
DA:820,4
DA:821,4
DA:822,4
DA:830,3
DA:831,2
DA:832,2
DA:838,2
DA:849,2
DA:850,2
DA:851,2
DA:852,0
DA:856,2
DA:863,2
DA:876,2
DA:877,2
DA:879,2
DA:880,2
DA:886,2
DA:892,2
DA:897,5
DA:898,5
DA:899,5
DA:900,0
DA:902,5
DA:906,1
DA:907,0
DA:908,0
DA:909,0
DA:913,1
DA:914,1
DA:915,0
DA:916,0
DA:923,0
DA:924,0
DA:931,0
DA:932,0
DA:958,0
DA:959,0
DA:961,0
DA:962,0
DA:963,0
DA:965,0
DA:974,0
DA:975,0
DA:977,0
DA:978,0
DA:984,0
DA:985,0
DA:990,0
DA:994,0
DA:995,0
DA:999,1
DA:1000,0
DA:1001,0
DA:1002,0
DA:1006,1
DA:1007,1
DA:1008,0
DA:1009,0
DA:1016,0
DA:1017,0
DA:1024,0
DA:1025,0
DA:1047,0
DA:1048,0
DA:1050,0
DA:1051,0
DA:1057,0
DA:1059,0
DA:1068,0
DA:1069,0
DA:1071,0
DA:1072,0
DA:1078,0
DA:1079,0
DA:1084,0
DA:1088,0
DA:1092,0
DA:1096,5
DA:1097,5
DA:1098,0
DA:1099,0
DA:1100,0
DA:1101,0
DA:1104,5
DA:1105,0
DA:1106,0
DA:1107,0
DA:1108,0
DA:1110,5
DA:1112,5
DA:1113,0
DA:1114,0
DA:1115,0
DA:1116,0
DA:1119,5
DA:1123,9
DA:1124,9
DA:1125,0
DA:1126,0
DA:1127,0
DA:1128,0
DA:1131,9
DA:1132,9
DA:1133,0
DA:1134,0
DA:1135,0
DA:1136,0
DA:1138,9
DA:1139,9
DA:1146,9
DA:1147,1
DA:1148,1
DA:1149,1
DA:1150,1
DA:1153,8
DA:1154,0
DA:1155,0
DA:1156,0
DA:1157,0
DA:1160,8
DA:1161,0
DA:1162,0
DA:1163,0
DA:1164,0
DA:1167,16
DA:1168,8
DA:1169,0
DA:1170,0
DA:1171,0
DA:1172,0
DA:1174,8
DA:1175,0
DA:1176,0
DA:1177,0
DA:1178,0
DA:1181,16
DA:1182,0
DA:1183,0
DA:1184,0
DA:1185,0
DA:1188,8
DA:1189,8
DA:1190,8
DA:1191,1
DA:1192,1
DA:1193,1
DA:1194,1
DA:1199,8
DA:1200,8
DA:1201,3
DA:1202,3
DA:1203,3
DA:1204,3
DA:1209,1
DA:1210,1
DA:1211,0
DA:1212,0
DA:1213,0
DA:1214,0
DA:1219,1
DA:1220,1
DA:1221,1
DA:1222,0
DA:1223,0
DA:1224,0
DA:1225,0
DA:1228,1
DA:1229,0
DA:1230,0
DA:1231,0
DA:1232,0
DA:1243,5
DA:1244,1
DA:1245,1
DA:1246,1
DA:1247,1
DA:1250,4
DA:1251,0
DA:1252,0
DA:1253,0
DA:1254,0
DA:1257,4
DA:1258,2
DA:1259,1
DA:1260,1
DA:1261,1
DA:1262,1
DA:1267,2
DA:1268,2
DA:1269,2
DA:1270,0
DA:1272,2
DA:1273,2
DA:1277,2
DA:1278,2
DA:1279,2
DA:1280,1
DA:1282,1
DA:1284,1
DA:1289,4
DA:1290,4
DA:1291,1
DA:1294,3
DA:1295,1
DA:1298,2
DA:1302,1
DA:1303,1
DA:1304,1
DA:1305,1
DA:1307,0
DA:1312,4
DA:1313,4
DA:1314,4
DA:1315,4
DA:1325,2
DA:1326,0
DA:1327,0
DA:1330,2
DA:1331,2
DA:1332,0
DA:1337,3
DA:1340,3
DA:1341,6
DA:1342,6
DA:1355,4
DA:1356,4
DA:1357,0
DA:1362,1
DA:1366,4
DA:1367,4
DA:1368,4
DA:1372,2
DA:1373,2
DA:1374,2
DA:1376,2
DA:1377,0
DA:1380,2
DA:1381,1
DA:1383,1
DA:1384,0
DA:1386,1
DA:1387,0
DA:1389,1
DA:1398,1
DA:1399,1
DA:1400,1
DA:1401,1
DA:1402,1
DA:1403,1
DA:1404,1
DA:1406,1
DA:1422,0
DA:1423,0
DA:1424,0
DA:1426,0
DA:1427,0
DA:1428,0
DA:1435,0
DA:1437,0
DA:1438,0
DA:1439,0
DA:1440,0
DA:1441,0
DA:1443,0
DA:1449,33
DA:1450,33
DA:1451,0
DA:1452,0
DA:1453,0
DA:1454,0
LF:518
LH:277
BRDA:170,0,0,23
BRDA:175,1,0,0
BRDA:175,1,1,9
BRDA:197,2,0,0
BRDA:197,2,1,0
BRDA:198,3,0,0
BRDA:198,3,1,0
BRDA:201,4,0,0
BRDA:201,4,1,0
BRDA:201,5,0,0
BRDA:201,5,1,0
BRDA:201,5,2,0
BRDA:205,6,0,0
BRDA:205,6,1,0
BRDA:206,7,0,0
BRDA:206,7,1,0
BRDA:217,8,0,0
BRDA:217,8,1,0
BRDA:218,9,0,0
BRDA:218,9,1,0
BRDA:229,10,0,0
BRDA:229,10,1,19
BRDA:236,11,0,0
BRDA:236,11,1,19
BRDA:248,12,0,6
BRDA:248,12,1,1
BRDA:252,13,0,3
BRDA:252,13,1,1
BRDA:253,14,0,1
BRDA:253,14,1,2
BRDA:275,15,0,0
BRDA:275,15,1,0
BRDA:281,16,0,2
BRDA:281,16,1,0
BRDA:282,17,0,0
BRDA:282,17,1,2
BRDA:300,18,0,2
BRDA:300,18,1,2
BRDA:301,19,0,2
BRDA:301,19,1,2
BRDA:318,20,0,1
BRDA:318,20,1,2
BRDA:328,21,0,2
BRDA:328,21,1,0
BRDA:329,22,0,1
BRDA:329,22,1,1
BRDA:338,23,0,0
BRDA:338,23,1,1
BRDA:362,24,0,1
BRDA:362,24,1,1
BRDA:387,25,0,2
BRDA:387,25,1,0
BRDA:403,26,0,0
BRDA:403,26,1,0
BRDA:404,27,0,0
BRDA:404,27,1,0
BRDA:405,28,0,0
BRDA:405,28,1,0
BRDA:409,29,0,1
BRDA:409,29,1,1
BRDA:409,30,0,1
BRDA:409,30,1,0
BRDA:413,31,0,2
BRDA:413,31,1,0
BRDA:413,31,2,0
BRDA:414,32,0,0
BRDA:414,32,1,2
BRDA:415,33,0,2
BRDA:415,33,1,0
BRDA:416,34,0,1
BRDA:416,34,1,1
BRDA:417,35,0,2
BRDA:417,35,1,1
BRDA:420,36,0,1
BRDA:420,36,1,1
BRDA:455,37,0,1
BRDA:455,37,1,0
BRDA:456,38,0,1
BRDA:456,38,1,0
BRDA:456,39,0,0
BRDA:456,39,1,0
BRDA:476,40,0,0
BRDA:476,40,1,0
BRDA:480,41,0,0
BRDA:480,41,1,0
BRDA:481,42,0,0
BRDA:481,42,1,0
BRDA:488,43,0,1
BRDA:488,43,1,0
BRDA:506,44,0,2
BRDA:506,44,1,0
BRDA:507,45,0,2
BRDA:507,45,1,0
BRDA:577,46,0,7
BRDA:577,46,1,0
BRDA:579,47,0,0
BRDA:579,47,1,7
BRDA:579,48,0,7
BRDA:579,48,1,7
BRDA:579,48,2,7
BRDA:586,49,0,0
BRDA:586,49,1,7
BRDA:593,50,0,0
BRDA:593,50,1,7
BRDA:602,51,0,7
BRDA:602,51,1,1
BRDA:603,52,0,1
BRDA:603,52,1,6
BRDA:610,53,0,5
BRDA:610,53,1,1
BRDA:611,54,0,1
BRDA:611,54,1,5
BRDA:617,55,0,1
BRDA:617,55,1,0
BRDA:622,56,0,0
BRDA:622,56,1,1
BRDA:622,57,0,1
BRDA:622,57,1,0
BRDA:654,58,0,0
BRDA:654,58,1,0
BRDA:659,59,0,0
BRDA:659,59,1,0
BRDA:700,60,0,0
BRDA:700,60,1,0
BRDA:700,61,0,0
BRDA:700,61,1,0
BRDA:708,62,0,0
BRDA:708,62,1,0
BRDA:726,63,0,0
BRDA:726,63,1,0
BRDA:726,64,0,0
BRDA:726,64,1,0
BRDA:734,65,0,0
BRDA:734,65,1,0
BRDA:762,66,0,1
BRDA:762,66,1,6
BRDA:764,67,0,1
BRDA:764,67,1,0
BRDA:764,68,0,1
BRDA:764,68,1,1
BRDA:772,69,0,5
BRDA:772,69,1,0
BRDA:773,70,0,5
BRDA:773,70,1,0
BRDA:774,71,0,0
BRDA:774,71,1,5
BRDA:774,72,0,5
BRDA:774,72,1,5
BRDA:842,73,0,2
BRDA:842,73,1,0
BRDA:843,74,0,2
BRDA:843,74,1,0
BRDA:849,75,0,0
BRDA:849,75,1,2
BRDA:849,76,0,0
BRDA:849,76,1,2
BRDA:850,77,0,2
BRDA:850,77,1,2
BRDA:851,78,0,0
BRDA:851,78,1,2
BRDA:853,79,0,2
BRDA:853,79,1,0
BRDA:860,80,0,0
BRDA:860,80,1,2
BRDA:866,81,0,0
BRDA:866,81,1,2
BRDA:868,82,0,2
BRDA:868,82,1,0
BRDA:886,83,0,0
BRDA:886,83,1,2
BRDA:898,84,0,5
BRDA:898,84,1,5
BRDA:899,85,0,0
BRDA:899,85,1,5
BRDA:899,86,0,5
BRDA:899,86,1,2
BRDA:906,87,0,0
BRDA:906,87,1,1
BRDA:908,88,0,0
BRDA:908,88,1,0
BRDA:908,89,0,0
BRDA:908,89,1,0
BRDA:920,90,0,0
BRDA:920,90,1,0
BRDA:963,91,0,0
BRDA:963,91,1,0
BRDA:966,92,0,0
BRDA:966,92,1,0
BRDA:967,93,0,0
BRDA:967,93,1,0
BRDA:969,94,0,0
BRDA:969,94,1,0
BRDA:974,95,0,0
BRDA:974,95,1,0
BRDA:999,96,0,0
BRDA:999,96,1,1
BRDA:1001,97,0,0
BRDA:1001,97,1,0
BRDA:1001,98,0,0
BRDA:1001,98,1,0
BRDA:1013,99,0,0
BRDA:1013,99,1,0
BRDA:1057,100,0,0
BRDA:1057,100,1,0
BRDA:1060,101,0,0
BRDA:1060,101,1,0
BRDA:1061,102,0,0
BRDA:1061,102,1,0
BRDA:1063,103,0,0
BRDA:1063,103,1,0
BRDA:1068,104,0,0
BRDA:1068,104,1,0
BRDA:1097,105,0,0
BRDA:1097,105,1,5
BRDA:1104,106,0,0
BRDA:1104,106,1,5
BRDA:1112,107,0,0
BRDA:1112,107,1,5
BRDA:1112,108,0,5
BRDA:1112,108,1,5
BRDA:1124,109,0,0
BRDA:1124,109,1,9
BRDA:1124,110,0,9
BRDA:1124,110,1,9
BRDA:1132,111,0,0
BRDA:1132,111,1,9
BRDA:1146,112,0,1
BRDA:1146,112,1,8
BRDA:1153,113,0,0
BRDA:1153,113,1,8
BRDA:1160,114,0,0
BRDA:1160,114,1,8
BRDA:1168,115,0,0
BRDA:1168,115,1,8
BRDA:1174,116,0,0
BRDA:1174,116,1,8
BRDA:1174,117,0,8
BRDA:1174,117,1,8
BRDA:1181,118,0,0
BRDA:1181,118,1,8
BRDA:1190,119,0,1
BRDA:1190,119,1,7
BRDA:1199,120,0,8
BRDA:1199,120,1,0
BRDA:1200,121,0,3
BRDA:1200,121,1,5
BRDA:1209,122,0,1
BRDA:1209,122,1,0
BRDA:1209,123,0,1
BRDA:1209,123,1,0
BRDA:1210,124,0,0
BRDA:1210,124,1,1
BRDA:1210,125,0,1
BRDA:1210,125,1,1
BRDA:1221,126,0,0
BRDA:1221,126,1,1
BRDA:1228,127,0,0
BRDA:1228,127,1,1
BRDA:1228,128,0,1
BRDA:1228,128,1,1
BRDA:1243,129,0,1
BRDA:1243,129,1,4
BRDA:1250,130,0,0
BRDA:1250,130,1,4
BRDA:1250,131,0,4
BRDA:1250,131,1,0
BRDA:1261,132,0,1
BRDA:1261,132,1,0
BRDA:1268,133,0,0
BRDA:1268,133,1,2
BRDA:1269,134,0,0
BRDA:1269,134,1,2
BRDA:1273,135,0,1
BRDA:1273,135,1,1
BRDA:1279,136,0,1
BRDA:1279,136,1,1
BRDA:1290,137,0,1
BRDA:1290,137,1,3
BRDA:1294,138,0,1
BRDA:1294,138,1,2
BRDA:1325,139,0,0
BRDA:1325,139,1,2
BRDA:1331,140,0,0
BRDA:1331,140,1,2
BRDA:1356,141,0,0
BRDA:1356,141,1,4
BRDA:1366,142,0,4
BRDA:1366,142,1,4
BRDA:1367,143,0,4
BRDA:1367,143,1,0
BRDA:1368,144,0,4
BRDA:1368,144,1,0
BRDA:1368,144,2,0
BRDA:1372,145,0,2
BRDA:1372,145,1,0
BRDA:1373,146,0,2
BRDA:1373,146,1,2
BRDA:1374,147,0,2
BRDA:1374,147,1,0
BRDA:1376,148,0,0
BRDA:1376,148,1,2
BRDA:1380,149,0,1
BRDA:1380,149,1,1
BRDA:1380,150,0,2
BRDA:1380,150,1,1
BRDA:1383,151,0,0
BRDA:1383,151,1,1
BRDA:1383,152,0,1
BRDA:1383,152,1,1
BRDA:1386,153,0,0
BRDA:1386,153,1,1
BRDA:1422,154,0,0
BRDA:1422,154,1,0
BRDA:1423,155,0,0
BRDA:1423,155,1,0
BRDA:1424,156,0,0
BRDA:1424,156,1,0
BRDA:1431,157,0,0
BRDA:1431,157,1,0
BRDA:1432,158,0,0
BRDA:1432,158,1,0
BRDA:1437,159,0,0
BRDA:1437,159,1,0
BRDA:1438,160,0,0
BRDA:1438,160,1,0
BRDA:1439,161,0,0
BRDA:1439,161,1,0
BRDA:1439,161,2,0
BRDA:1440,162,0,0
BRDA:1440,162,1,0
BRDA:1440,163,0,0
BRDA:1440,163,1,0
BRDA:1449,164,0,11
BRDA:1449,164,1,22
BRDA:1450,165,0,0
BRDA:1450,165,1,33
BRDA:1450,166,0,33
BRDA:1450,166,1,11
BRF:338
BRH:161
end_of_record
TN:
SF:src/interfaces/http/controllers/PanoramaV1Controller.ts
FN:110,(anonymous_0)
FN:115,(anonymous_1)
FN:126,(anonymous_2)
FN:131,(anonymous_3)
FN:144,(anonymous_4)
FN:155,(anonymous_5)
FN:168,(anonymous_6)
FN:179,(anonymous_7)
FN:191,(anonymous_8)
FN:202,(anonymous_9)
FN:214,(anonymous_10)
FN:225,(anonymous_11)
FN:236,(anonymous_12)
FN:247,(anonymous_13)
FN:258,(anonymous_14)
FN:273,(anonymous_15)
FN:284,(anonymous_16)
FN:299,(anonymous_17)
FN:310,(anonymous_18)
FN:320,(anonymous_19)
FN:335,(anonymous_20)
FN:346,(anonymous_21)
FNF:22
FNH:5
FNDA:6,(anonymous_0)
FNDA:6,(anonymous_1)
FNDA:0,(anonymous_2)
FNDA:0,(anonymous_3)
FNDA:0,(anonymous_4)
FNDA:1,(anonymous_5)
FNDA:0,(anonymous_6)
FNDA:0,(anonymous_7)
FNDA:2,(anonymous_8)
FNDA:3,(anonymous_9)
FNDA:0,(anonymous_10)
FNDA:0,(anonymous_11)
FNDA:0,(anonymous_12)
FNDA:0,(anonymous_13)
FNDA:0,(anonymous_14)
FNDA:0,(anonymous_15)
FNDA:0,(anonymous_16)
FNDA:0,(anonymous_17)
FNDA:0,(anonymous_18)
FNDA:0,(anonymous_19)
FNDA:0,(anonymous_20)
FNDA:0,(anonymous_21)
DA:2,1
DA:5,1
DA:13,1
DA:21,1
DA:31,1
DA:43,1
DA:53,1
DA:60,1
DA:76,1
DA:89,1
DA:103,1
DA:109,1
DA:111,6
DA:112,6
DA:116,6
DA:117,6
DA:118,1
DA:119,1
DA:120,1
DA:121,1
DA:123,5
DA:127,0
DA:128,0
DA:132,0
DA:133,0
DA:134,0
DA:137,0
DA:138,0
DA:140,0
DA:145,0
DA:146,0
DA:147,0
DA:148,0
DA:149,0
DA:151,0
DA:156,1
DA:157,1
DA:158,1
DA:161,1
DA:162,1
DA:164,0
DA:169,0
DA:170,0
DA:171,0
DA:172,0
DA:173,0
DA:175,0
DA:180,0
DA:181,0
DA:182,0
DA:183,0
DA:184,0
DA:185,0
DA:187,0
DA:192,2
DA:193,2
DA:194,1
DA:195,1
DA:196,1
DA:198,1
DA:203,3
DA:204,3
DA:205,3
DA:206,2
DA:207,1
DA:208,1
DA:210,2
DA:215,0
DA:216,0
DA:217,0
DA:218,0
DA:219,0
DA:221,0
DA:226,0
DA:227,0
DA:228,0
DA:229,0
DA:230,0
DA:232,0
DA:237,0
DA:238,0
DA:239,0
DA:240,0
DA:241,0
DA:243,0
DA:248,0
DA:249,0
DA:250,0
DA:251,0
DA:252,0
DA:254,0
DA:259,0
DA:260,0
DA:261,0
DA:262,0
DA:267,0
DA:269,0
DA:274,0
DA:275,0
DA:276,0
DA:277,0
DA:278,0
DA:280,0
DA:285,0
DA:286,0
DA:287,0
DA:288,0
DA:293,0
DA:295,0
DA:300,0
DA:301,0
DA:302,0
DA:303,0
DA:304,0
DA:306,0
DA:311,0
DA:312,0
DA:313,0
DA:314,0
DA:316,0
DA:321,0
DA:322,0
DA:323,0
DA:324,0
DA:329,0
DA:331,0
DA:336,0
DA:337,0
DA:338,0
DA:339,0
DA:340,0
DA:342,0
DA:347,0
DA:348,0
DA:349,0
DA:350,0
DA:351,0
DA:353,0
LF:138
LH:39
BRDA:112,0,0,6
BRDA:116,1,0,6
BRDA:116,1,1,1
BRDA:117,2,0,1
BRDA:117,2,1,5
BRDA:128,3,0,0
BRDA:128,3,1,0
BRDA:128,4,0,0
BRDA:128,4,1,0
BRF:9
BRH:5
end_of_record
